[35m[Appium][39m Welcome to Appium v2.5.1
[35m[Appium][39m Non-default server args:
[35m[Appium][39m { basePath: [32m'/wd/hub'[39m, loglevel: [32m'info'[39m, port: [33m50311[39m }
[35m[Appium][39m Attempting to load driver uiautomator2...
[35m[Appium][39m Appium REST http interface listener started on http://0.0.0.0:50311/wd/hub
[35m[Appium][39m You can provide the following URLs in your client code to connect to this server:
[35m[Appium][39m 	http://192.168.102.99:50311/wd/hub
[35m[Appium][39m 	http://127.0.0.1:50311/wd/hub (only accessible from the same host)
[35m[Appium][39m Available drivers:
[35m[Appium][39m   - uiautomator2@2.45.1 (automationName 'UiAutomator2')
[35m[Appium][39m No plugins have been installed. Use the "appium plugin" command to install the one(s) you want to use.
[38;5;0m[HTTP][0m [37m-->[39m [37mGET[39m [37m/wd/hub/status[39m
[38;5;0m[HTTP][0m [90m{}[39m
[38;5;0m[HTTP][0m [37m<-- GET /wd/hub/status [39m[32m200[39m [90m4 ms - 110[39m
[38;5;0m[HTTP][0m [90m[39m
[38;5;0m[HTTP][0m [37m-->[39m [37mGET[39m [37m/wd/hub/status[39m
[38;5;0m[HTTP][0m [90m{}[39m
[38;5;0m[HTTP][0m [37m<-- GET /wd/hub/status [39m[32m200[39m [90m1 ms - 110[39m
[38;5;0m[HTTP][0m [90m[39m
[38;5;0m[HTTP][0m [37m-->[39m [37mPOST[39m [37m/wd/hub/session[39m
[38;5;0m[HTTP][0m [90m{"desiredCapabilities":{"appium:systemPort":8248,"appium:newCommandTimeout":1800,"appium:automationName":"uiautomator2","appium:platformVersion":"11","appium:deviceId":"emulator-5554","appium:udid":"88a2cf2d","appium:autoGrantPermissions":true,"appium:platformName":"ANDROID","appium:appActivity":".Settings","appium:deviceName":"Xiaomi 220333QAG (Android 11)","platformName":"Android","appium:enableMultiWindows":true,"appium:allowInvisibleElements":true,"appium:appPackage":"com.android.settings"},"capabilities":{"firstMatch":[{"appium:allowInvisibleElements":true,"appium:appActivity":".Settings","appium:appPackage":"com.android.settings","appium:autoGrantPermissions":true,"appium:automationName":"uiautomator2","appium:deviceId":"emulator-5554","appium:deviceName":"Xiaomi 220333QAG (Android 11)","appium:enableMultiWindows":true,"appium:newCommandTimeout":1800,"appium:platformName":"ANDROID","appium:platformVersion":"11","appium:systemPort":8248,"appium:udid":"88a2cf2d","platformName":"android"}]}}[39m
[38;5;32m[BaseDriver][0m Ignoring capability 'appium:platformName=ANDROID' and using capability 'platformName=android'
[38;5;32m[BaseDriver][0m The capabilities ["platformName"] are standard capabilities and do not require "appium:" prefix
[35m[Appium][39m Attempting to find matching driver for automationName 'uiautomator2' and platformName 'android'
[35m[Appium][39m The 'uiautomator2' driver was installed and matched caps.
[35m[Appium][39m Will require it at C:\Users\Phuong\.appium\node_modules\appium-uiautomator2-driver
[38;5;16m[AppiumDriver@7e33][0m Appium v2.5.1 creating new AndroidUiautomator2Driver (v2.45.1) session
[38;5;16m[AppiumDriver@7e33][0m Checking BaseDriver versions for Appium and AndroidUiautomator2Driver
[38;5;16m[AppiumDriver@7e33][0m Appium's BaseDriver version is 9.5.2
[38;5;16m[AppiumDriver@7e33][0m AndroidUiautomator2Driver's BaseDriver version is 9.5.2
[38;5;48m[AndroidUiautomator2Driver@0044][0m The following provided capabilities were not recognized by this driver:
[38;5;48m[AndroidUiautomator2Driver@0044][0m   allowInvisibleElements
[38;5;48m[AndroidUiautomator2Driver@0044][0m   deviceId
[38;5;48m[AndroidUiautomator2Driver@0044][0m   enableMultiWindows
[38;5;48m[AndroidUiautomator2Driver@0044 (c2db06fe)][0m Session created with session id: c2db06fe-cfa2-40f5-97c5-b308cd00c22d
[38;5;64m[ADB][0m Found 3 'build-tools' folders under 'C:\Users\Phuong\AppData\Local\Android\Sdk' (newest first):
[38;5;64m[ADB][0m     C:\Users\Phuong\AppData\Local\Android\Sdk\build-tools\34.0.0
[38;5;64m[ADB][0m     C:\Users\Phuong\AppData\Local\Android\Sdk\build-tools\33.0.1
[38;5;64m[ADB][0m     C:\Users\Phuong\AppData\Local\Android\Sdk\build-tools\33.0.0
[38;5;64m[ADB][0m Using 'adb.exe' from 'C:\Users\Phuong\AppData\Local\Android\Sdk\platform-tools\adb.exe'
[38;5;48m[AndroidUiautomator2Driver@0044 (c2db06fe)][0m Retrieving device list
[38;5;48m[AndroidUiautomator2Driver@0044 (c2db06fe)][0m Using device: 88a2cf2d
[38;5;64m[ADB][0m Using 'adb.exe' from 'C:\Users\Phuong\AppData\Local\Android\Sdk\platform-tools\adb.exe'
[38;5;48m[AndroidUiautomator2Driver@0044 (c2db06fe)][0m Starting 'com.android.settings' directly on the device
[38;5;64m[ADB][0m Getting device platform version
[38;5;48m[AndroidUiautomator2Driver@0044 (c2db06fe)][0m Relaxing hidden api policy
[38;5;48m[AndroidUiautomator2Driver@0044 (c2db06fe)][0m No app sent in, not parsing package/activity
[38;5;64m[ADB][0m The application at 'C:\Users\Phuong\.appium\node_modules\appium-uiautomator2-driver\node_modules\io.appium.settings\apks\settings_apk-debug.apk' will not be cached, because the device under test has confirmed the support of streamed installs
[38;5;48m[AndroidUiautomator2Driver@0044 (c2db06fe)][0m Unable to stop ChromeDriver proxies: Cannot read properties of undefined (reading 'proxyReqRes')
[38;5;48m[AndroidUiautomator2Driver@0044 (c2db06fe)][0m Restoring hidden api policy to the device default configuration
[38;5;0m[HTTP][0m [37m<-- POST /wd/hub/session [39m[31m500[39m [90m830 ms - 10522[39m
[38;5;0m[HTTP][0m [90m[39m
[38;5;64m[ADB][0m The application at 'C:\Users\Phuong\.appium\node_modules\appium-uiautomator2-driver\node_modules\io.appium.settings\apks\settings_apk-debug.apk' will not be cached, because the device under test has confirmed the support of streamed installs
[38;5;64m[ADB][0m The application at 'C:\Users\Phuong\.appium\node_modules\appium-uiautomator2-driver\node_modules\io.appium.settings\apks\settings_apk-debug.apk' will not be cached, because the device under test has confirmed the support of streamed installs
