#
# There is insufficient memory for the Java Runtime Environment to continue.
# Native memory allocation (mmap) failed to map 76546048 bytes for G1 virtual space
# Possible reasons:
#   The system is out of physical RAM or swap space
#   The process is running with CompressedOops enabled, and the Java Heap may be blocking the growth of the native heap
# Possible solutions:
#   Reduce memory load on the system
#   Increase physical memory or swap space
#   Check if swap backing store is full
#   Decrease Java heap size (-Xmx/-Xms)
#   Decrease number of Java threads
#   Decrease Java thread stack sizes (-Xss)
#   Set larger code cache with -XX:ReservedCodeCacheSize=
#   JVM is running with Unscaled Compressed Oops mode in which the Java heap is
#     placed in the first 4GB address space. The Java Heap base address is the
#     maximum limit for the native heap growth. Please use -XX:HeapBaseMinAddress
#     to set the Java Heap base and to place the Java Heap above 4GB virtual address.
# This output file may be truncated or incomplete.
#
#  Out of Memory Error (os_windows.cpp:3559), pid=11644, tid=10620
#
# JRE version: OpenJDK Runtime Environment Temurin-17.0.7+7 (17.0.7+7) (build 17.0.7+7)
# Java VM: OpenJDK 64-Bit Server VM Temurin-17.0.7+7 (17.0.7+7, mixed mode, tiered, compressed oops, compressed class ptrs, g1 gc, windows-amd64)
# No core dump will be written. Minidumps are not enabled by default on client versions of Windows
#

---------------  S U M M A R Y ------------

Command Line: -Dgroovy.home=C:\Users\Phuong/.groovy -Djava.system.class.loader=groovy.lang.GroovyClassLoader -Xmx2048m -Dfile.encoding=UTF-8 -XX:+ShowCodeDetailsInExceptionMessages org.codehaus.groovy.tools.GroovyStarter --classpath C:\Users\Phuong\Katalon Studio\FixAllNow\bin\keyword;C:\Users\Phuong\Katalon Studio\FixAllNow\Keywords;C:\Users\Phuong\Katalon Studio\FixAllNow\bin\listener;C:\Users\Phuong\Katalon Studio\FixAllNow\Test Listeners;C:\Users\Phuong\Katalon Studio\FixAllNow\bin\lib;C:\Users\Phuong\Katalon Studio\FixAllNow\Libs;C:\Users\Phuong\Katalon Studio\FixAllNow\bin\groovy;C:\Users\Phuong\Katalon Studio\FixAllNow\Include\scripts\groovy;C:\Users\Phuong\.katalon\packages\Katalon_Studio_Windows_64-9.3.1\Katalon_Studio_Windows_64-9.3.1\plugins\com.kms.katalon.core_1.0.0.202402280646.jar;C:\Users\Phuong\.katalon\packages\Katalon_Studio_Windows_64-9.3.1\Katalon_Studio_Windows_64-9.3.1\configuration\resources\lib\aalto-xml-1.0.0.jar;C:\Users\Phuong\.katalon\packages\Katalon_Studio_Windows_64-9.3.1\Katalon_Studio_Windows_64-9.3.1\configuration\resources\lib\aspectjweaver-1.9.1.jar;C:\Users\Phuong\.katalon\packages\Katalon_Studio_Windows_64-9.3.1\Katalon_Studio_Windows_64-9.3.1\configuration\resources\lib\bcpkix-jdk15on-1.64.jar;C:\Users\Phuong\.katalon\packages\Katalon_Studio_Windows_64-9.3.1\Katalon_Studio_Windows_64-9.3.1\configuration\resources\lib\bcprov-jdk15on-1.64.jar;C:\Users\Phuong\.katalon\packages\Katalon_Studio_Windows_64-9.3.1\Katalon_Studio_Windows_64-9.3.1\configuration\resources\lib\browsermob-core-2.1.5.jar;C:\Users\Phuong\.katalon\packages\Katalon_Studio_Windows_64-9.3.1\Katalon_Studio_Windows_64-9.3.1\configuration\resources\lib\cglib-3.2.10.jar;C:\Users\Phuong\.katalon\packages\Katalon_Studio_Windows_64-9.3.1\Katalon_Studio_Windows_64-9.3.1\configuration\resources\lib\commons-codec-1.10.jar;C:\Users\Phuong\.katalon\packages\Katalon_Studio_Windows_64-9.3.1\Katalon_Studio_Windows_64-9.3.1\configuration\resources\lib\commons-collections4-4.1.jar;C:\Users\Phuong\.katalon\packages\Katalon_Studio_Windows_64-9.3.1\Katalon_Studio_Windows_64-9.3.1\configuration\resources\lib\commons-validator-1.6.jar;C:\Users\Phuong\.katalon\packages\Katalon_Studio_Windows_64-9.3.1\Katalon_Studio_Windows_64-9.3.1\configuration\resources\lib\curvesapi-1.04.jar;C:\Users\Phuong\.katalon\packages\Katalon_Studio_Windows_64-9.3.1\Katalon_Studio_Windows_64-9.3.1\configuration\resources\lib\dnsjava-2.1.8.jar;C:\Users\Phuong\.katalon\packages\Katalon_Studio_Windows_64-9.3.1\Katalon_Studio_Windows_64-9.3.1\configuration\resources\lib\groovy-ant-3.0.17.jar;C:\Users\Phuong\.katalon\packages\Katalon_Studio_Windows_64-9.3.1\Katalon_Studio_Windows_64-9.3.1\configuration\resources\lib\groovy-astbuilder-3.0.17.jar;C:\Users\Phuong\.katalon\packages\Katalon_Studio_Windows_64-9.3.1\Katalon_Studio_Windows_64-9.3.1\configuration\resources\lib\groovy-cli-picocli-3.0.17.jar;C:\Users\Phuong\.katalon\packages\Katalon_Studio_Windows_64-9.3.1\Katalon_Studio_Windows_64-9.3.1\configuration\resources\lib\groovy-console-3.0.17.jar;C:\Users\Phuong\.katalon\packages\Katalon_Studio_Windows_64-9.3.1\Katalon_Studio_Windows_64-9.3.1\configuration\resources\lib\groovy-datetime-3.0.17.jar;C:\Users\Phuong\.katalon\packages\Katalon_Studio_Windows_64-9.3.1\Katalon_Studio_Windows_64-9.3.1\configuration\resources\lib\groovy-dateutil-3.0.17.jar;C:\Users\Phuong\.katalon\packages\Katalon_Studio_Windows_64-9.3.1\Katalon_Studio_Windows_64-9.3.1\configuration\resources\lib\groovy-docgenerator-3.0.17.jar;C:\Users\Phuong\.katalon\packages\Katalon_Studio_Windows_64-9.3.1\Katalon_Studio_Windows_64-9.3.1\configuration\resources\lib\groovy-groovydoc-3.0.17.jar;C:\Users\Phuong\.katalon\packages\Katalon_Studio_Windows_64-9.3.1\Katalon_Studio_Windows_64-9.3.1\configuration\resources\lib\groovy-groovysh-3.0.17.jar;C:\Users\Phuong\.katalon\packages\Katalon_Studio_Windows_64-9.3.1\Katalon_Studio_Windows_64-9.3.1\configuration\resources\lib\groovy-jmx-3.0.17.jar;C:\Users\Phuong\.katalon\packages\Katalon_Studio_Windows_64-9.3.1\Katalon_Studio_Windows_64-9.3.1\configuration\resources\lib\groovy-json-3.0.17.jar;C:\Users\Phuong\.katalon\packages\Katalon_Studio_Windows_64-9.3.1\Katalon_Studio_Windows_64-9.3.1\configuration\resources\lib\groovy-jsr223-3.0.17.jar;C:\Users\Phuong\.katalon\packages\Katalon_Studio_Windows_64-9.3.1\Katalon_Studio_Windows_64-9.3.1\configuration\resources\lib\groovy-macro-3.0.17.jar;C:\Users\Phuong\.katalon\packages\Katalon_Studio_Windows_64-9.3.1\Katalon_Studio_Windows_64-9.3.1\configuration\resources\lib\groovy-nio-3.0.17.jar;C:\Users\Phuong\.katalon\packages\Katalon_Studio_Windows_64-9.3.1\Katalon_Studio_Windows_64-9.3.1\configuration\resources\lib\groovy-servlet-3.0.17.jar;C:\Users\Phuong\.katalon\packages\Katalon_Studio_Windows_64-9.3.1\Katalon_Studio_Windows_64-9.3.1\configuration\resources\lib\groovy-sql-3.0.17.jar;C:\Users\Phuong\.katalon\packages\Katalon_Studio_Windows_64-9.3.1\Katalon_Studio_Windows_64-9.3.1\configuration\resources\lib\groovy-swing-3.0.17.jar;C:\Users\Phuong\.katalon\packages\Katalon_Studio_Windows_64-9.3.1\Katalon_Studio_Windows_64-9.3.1\configuration\resources\lib\groovy-templates-3.0.17.jar;C:\Users\Phuong\.katalon\packages\Katalon_Studio_Windows_64-9.3.1\Katalon_Studio_Windows_64-9.3.1\configuration\resources\lib\groovy-test-3.0.17.jar;C:\Users\Phuong\.katalon\packages\Katalon_Studio_Windows_64-9.3.1\Katalon_Studio_Windows_64-9.3.1\configuration\resources\lib\groovy-test-junit5-3.0.17.jar;C:\Users\Phuong\.katalon\packages\Katalon_Studio_Windows_64-9.3.1\Katalon_Studio_Windows_64-9.3.1\configuration\resources\lib\groovy-testng-3.0.17.jar;C:\Users\Phuong\.katalon\packages\Katalon_Studio_Windows_64-9.3.1\Katalon_Studio_Windows_64-9.3.1\configuration\resources\lib\groovy-xml-3.0.17.jar;C:\Users\Phuong\.katalon\packages\Katalon_Studio_Windows_64-9.3.1\Katalon_Studio_Windows_64-9.3.1\configuration\resources\lib\java-client-7.0.0.jar;C:\Users\Phuong\.katalon\packages\Katalon_Studio_Windows_64-9.3.1\Katalon_Studio_Windows_64-9.3.1\configuration\resources\lib\javax.servlet-api_3.1.0.jar;C:\Users\Phuong\.katalon\packages\Katalon_Studio_Windows_64-9.3.1\Katalon_Studio_Windows_64-9.3.1\configuration\resources\lib\jna-5.12.1.jar;C:\Users\Phuong\.katalon\packages\Katalon_Studio_Windows_64-9.3.1\Katalon_Studio_Windows_64-9.3.1\configuration\resources\lib\jna-platform-5.12.1.jar;C:\Users\Phuong\.katalon\packages\Katalon_Studio_Windows_64-9.3.1\Katalon_Studio_Windows_64-9.3.1\configuration\resources\lib\jzlib-1.1.3.jar;C:\Users\Phuong\.katalon\packages\Katalon_Studio_Windows_64-9.3.1\Katalon_Studio_Windows_64-9.3.1\configuration\resources\lib\kat-server.jar;C:\Users\Phuong\.katalon\packages\Katalon_Studio_Windows_64-9.3.1\Katalon_Studio_Windows_64-9.3.1\configuration\resources\lib\littleproxy-1.1.0-beta-bmp-17.jar;C:\Users\Phuong\.katalon\packages\Katalon_Studio_Windows_64-9.3.1\Katalon_Studio_Windows_64-9.3.1\configuration\resources\lib\log4j-1.2-api-2.17.1.jar;C:\Users\Phuong\.katalon\packages\Katalon_Studio_Windows_64-9.3.1\Katalon_Studio_Windows_64-9.3.1\configuration\resources\lib\log4j-api-2.17.1.jar;C:\Users\Phuong\.katalon\packages\Katalon_Studio_Windows_64-9.3.1\Katalon_Studio_Windows_64-9.3.1\configuration\resources\lib\log4j-core-2.17.1.jar;C:\Users\Phuong\.katalon\packages\Katalon_Studio_Windows_64-9.3.1\Katalon_Studio_Windows_64-9.3.1\configuration\resources\lib\mitm-2.1.5.jar;C:\Users\Phuong\.katalon\packages\Katalon_Studio_Windows_64-9.3.1\Katalon_Studio_Windows_64-9.3.1\configuration\resources\lib\netty-all-4.1.70.Final.jar;C:\Users\Phuong\.katalon\packages\Katalon_Studio_Windows_64-9.3.1\Katalon_Studio_Windows_64-9.3.1\configuration\resources\lib\poi-3.17.jar;C:\Users\Phuong\.katalon\packages\Katalon_Studio_Windows_64-9.3.1\Katalon_Studio_Windows_64-9.3.1\configuration\resources\lib\poi-ooxml-3.17.jar;C:\Users\Phuong\.katalon\packages\Katalon_Studio_Windows_64-9.3.1\Katalon_Studio_Windows_64-9.3.1\configuration\resources\lib\poi-ooxml-schemas-3.17.jar;C:\Users\Phuong\.katalon\packages\Katalon_Studio_Windows_64-9.3.1\Katalon_Studio_Windows_64-9.3.1\configuration\resources\lib\proxy-vole-1.0.4-SNAPSHOT-jar-with-dependencies.jar;C:\Users\Phuong\.katalon\packages\Katalon_Studio_Windows_64-9.3.1\Katalon_Studio_Windows_64-9.3.1\configuration\resources\lib\repackaged-sikuli-api-1.0.2-standalone.jar;C:\Users\Phuong\.katalon\packages\Katalon_Studio_Windows_64-9.3.1\Katalon_Studio_Windows_64-9.3.1\configuration\resources\lib\selenium-leg-rc-3.141.59.jar;C:\Users\Phuong\.katalon\packages\Katalon_Studio_Windows_64-9.3.1\Katalon_Studio_Windows_64-9.3.1\configuration\resources\lib\selenium-server-standalone-3.141.59.jar;C:\Users\Phuong\.katalon\packages\Katalon_Studio_Windows_64-9.3.1\Katalon_Studio_Windows_64-9.3.1\configuration\resources\lib\selenium-shutterbug-1.1.jar;C:\Users\Phuong\.katalon\packages\Katalon_Studio_Windows_64-9.3.1\Katalon_Studio_Windows_64-9.3.1\configuration\resources\lib\slf4j-api-1.7.25.jar;C:\Users\Phuong\.katalon\packages\Katalon_Studio_Windows_64-9.3.1\Katalon_Studio_Windows_64-9.3.1\configuration\resources\lib\soap-builder-1.0.0.jar;C:\Users\Phuong\.katalon\packages\Katalon_Studio_Windows_64-9.3.1\Katalon_Studio_Windows_64-9.3.1\configuration\resources\lib\soap-common-1.0.0.jar;C:\Users\Phuong\.katalon\packages\Katalon_Studio_Windows_64-9.3.1\Katalon_Studio_Windows_64-9.3.1\configuration\resources\lib\soap-legacy-1.0.0.jar;C:\Users\Phuong\.katalon\packages\Katalon_Studio_Windows_64-9.3.1\Katalon_Studio_Windows_64-9.3.1\configuration\resources\lib\spring-context-5.3.19.jar;C:\Users\Phuong\.katalon\packages\Katalon_Studio_Windows_64-9.3.1\Katalon_Studio_Windows_64-9.3.1\configuration\resources\lib\stax2-api-4.0.0.jar;C:\Users\Phuong\.katalon\packages\Katalon_Studio_Windows_64-9.3.1\Katalon_Studio_Windows_64-9.3.1\configuration\resources\lib\su.jar;C:\Users\Phuong\.katalon\packages\Katalon_Studio_Windows_64-9.3.1\Katalon_Studio_Windows_64-9.3.1\configuration\resources\lib\testng-7.8.0.jar;C:\Users\Phuong\.katalon\packages\Katalon_Studio_Windows_64-9.3.1\Katalon_Studio_Windows_64-9.3.1\configuration\resources\lib\wadl.jar;C:\Users\Phuong\.katalon\packages\Katalon_Studio_Windows_64-9.3.1\Katalon_Studio_Windows_64-9.3.1\configuration\resources\lib\xmlbeans-3.1.0.jar;C:\Users\Phuong\.katalon\packages\Katalon_Studio_Windows_64-9.3.1\Katalon_Studio_Windows_64-9.3.1\plugins\net.sf.supercsv.super-csv_2.1.0.jar;C:\Users\Phuong\.katalon\packages\Katalon_Studio_Windows_64-9.3.1\Katalon_Studio_Windows_64-9.3.1\plugins\org.apache.commons.io_2.4.0.jar;C:\Users\Phuong\.katalon\packages\Katalon_Studio_Windows_64-9.3.1\Katalon_Studio_Windows_64-9.3.1\plugins\org.apache.commons.lang_2.6.0.jar;C:\Users\Phuong\.katalon\packages\Katalon_Studio_Windows_64-9.3.1\Katalon_Studio_Windows_64-9.3.1\plugins\com.google.gson_2.10.1.v20230109-0753.jar;C:\Users\Phuong\.katalon\packages\Katalon_Studio_Windows_64-9.3.1\Katalon_Studio_Windows_64-9.3.1\plugins\org.jsoup_1.14.3.jar;C:\Users\Phuong\.katalon\packages\Katalon_Studio_Windows_64-9.3.1\Katalon_Studio_Windows_64-9.3.1\plugins\org.apache.commons.dbutils_1.6.0.jar;C:\Users\Phuong\.katalon\packages\Katalon_Studio_Windows_64-9.3.1\Katalon_Studio_Windows_64-9.3.1\plugins\com.oracle.jdbc.ojdbc7_12.1.0.2.jar;C:\Users\Phuong\.katalon\packages\Katalon_Studio_Windows_64-9.3.1\Katalon_Studio_Windows_64-9.3.1\plugins\org.postgresql.jdbc_42.4.1.jar;c:\Users\Phuong\.katalon\packages\Katalon_Studio_Windows_64-9.3.1\Katalon_Studio_Windows_64-9.3.1\plugins\org.eclipse.osgi_3.18.300.v20230220-1352.jar;C:\Users\Phuong\.katalon\packages\Katalon_Studio_Windows_64-9.3.1\Katalon_Studio_Windows_64-9.3.1\plugins\com.kms.katalon.constant_1.0.0.202402280646.jar;C:\Users\Phuong\.katalon\packages\Katalon_Studio_Windows_64-9.3.1\Katalon_Studio_Windows_64-9.3.1\plugins\org.eclipse.persistence.eclipselink_2.7.11.jar;C:\Users\Phuong\.katalon\packages\Katalon_Studio_Windows_64-9.3.1\Katalon_Studio_Windows_64-9.3.1\plugins\com.kms.katalon.selenium-standalone_1.0.0.202402280646.jar;C:\Users\Phuong\.katalon\packages\Katalon_Studio_Windows_64-9.3.1\Katalon_Studio_Windows_64-9.3.1\plugins\atu.testrecorder.screen-recorder_2.1.0.jar;C:\Users\Phuong\.katalon\packages\Katalon_Studio_Windows_64-9.3.1\Katalon_Studio_Windows_64-9.3.1\plugins\com.google.guava_23.0.0.jar;C:\Users\Phuong\.katalon\packages\Katalon_Studio_Windows_64-9.3.1\Katalon_Studio_Windows_64-9.3.1\plugins\com.kms.katalon.util_1.0.0.202402280646.jar;C:\Users\Phuong\.katalon\packages\Katalon_Studio_Windows_64-9.3.1\Katalon_Studio_Windows_64-9.3.1\plugins\org.apache.httpcomponents.httpclient_4.5.14.v20221207-1049.jar;C:\Users\Phuong\.katalon\packages\Katalon_Studio_Windows_64-9.3.1\Katalon_Studio_Windows_64-9.3.1\plugins\org.apache.httpcomponents.httpcore_4.4.16.v20221207-1049.jar;C:\Users\Phuong\.katalon\packages\Katalon_Studio_Windows_64-9.3.1\Katalon_Studio_Windows_64-9.3.1\plugins\org.apache.httpcomponents.httpmime_4.5.1.jar;C:\Users\Phuong\.katalon\packages\Katalon_Studio_Windows_64-9.3.1\Katalon_Studio_Windows_64-9.3.1\plugins\org.apache.commons.lang3_3.7.0.jar;C:\Users\Phuong\.katalon\packages\Katalon_Studio_Windows_64-9.3.1\Katalon_Studio_Windows_64-9.3.1\plugins\org.greenrobot.eventbus_3.1.1.jar;C:\Users\Phuong\.katalon\packages\Katalon_Studio_Windows_64-9.3.1\Katalon_Studio_Windows_64-9.3.1\plugins\org.assertj.core_3.10.0.jar;C:\Users\Phuong\.katalon\packages\Katalon_Studio_Windows_64-9.3.1\Katalon_Studio_Windows_64-9.3.1\plugins\org.junit_4.13.2.v20211018-1956.jar;C:\Users\Phuong\.katalon\packages\Katalon_Studio_Windows_64-9.3.1\Katalon_Studio_Windows_64-9.3.1\plugins\com.fasterxml.jackson.core.jackson-databind_2.14.0.jar;C:\Users\Phuong\.katalon\packages\Katalon_Studio_Windows_64-9.3.1\Katalon_Studio_Windows_64-9.3.1\plugins\com.fasterxml.jackson.core.jackson-core_2.14.0.jar;C:\Users\Phuong\.katalon\packages\Katalon_Studio_Windows_64-9.3.1\Katalon_Studio_Windows_64-9.3.1\plugins\com.fasterxml.jackson.core.jackson-annotations_2.14.0.jar;C:\Users\Phuong\.katalon\packages\Katalon_Studio_Windows_64-9.3.1\Katalon_Studio_Windows_64-9.3.1\plugins\ch.qos.logback.classic_1.2.3.jar;C:\Users\Phuong\.katalon\packages\Katalon_Studio_Windows_64-9.3.1\Katalon_Studio_Windows_64-9.3.1\plugins\ch.qos.logback.core_1.2.3.jar;C:\Users\Phuong\.katalon\packages\Katalon_Studio_Windows_64-9.3.1\Katalon_Studio_Windows_64-9.3.1\plugins\slf4j.api_1.7.36.jar;C:\Users\Phuong\.katalon\packages\Katalon_Studio_Windows_64-9.3.1\Katalon_Studio_Windows_64-9.3.1\plugins\org.fusesource.jansi_1.17.1.jar;C:\Users\Phuong\.katalon\packages\Katalon_Studio_Windows_64-9.3.1\Katalon_Studio_Windows_64-9.3.1\plugins\com.kms.katalon.netlightbody_1.0.0.202402280646.jar;C:\Users\Phuong\.katalon\packages\Katalon_Studio_Windows_64-9.3.1\Katalon_Studio_Windows_64-9.3.1\plugins\com.kms.katalon.poi_1.0.0.202402280646.jar;C:\Users\Phuong\.katalon\packages\Katalon_Studio_Windows_64-9.3.1\Katalon_Studio_Windows_64-9.3.1\plugins\org.apache.commons.commons-text_1.10.0.jar;C:\Users\Phuong\.katalon\packages\Katalon_Studio_Windows_64-9.3.1\Katalon_Studio_Windows_64-9.3.1\plugins\com.kms.katalon.proxyvole_1.0.0.202402280646.jar;C:\Users\Phuong\.katalon\packages\Katalon_Studio_Windows_64-9.3.1\Katalon_Studio_Windows_64-9.3.1\plugins\com.microsoft.sqlserver.mssql-jdbc_6.2.2.jre8.jar;C:\Users\Phuong\.katalon\packages\Katalon_Studio_Windows_64-9.3.1\Katalon_Studio_Windows_64-9.3.1\plugins\com.github.kklisura.cdt.java-client_2.1.0.jar;C:\Users\Phuong\.katalon\packages\Katalon_Studio_Windows_64-9.3.1\Katalon_Studio_Windows_64-9.3.1\plugins\javax.websocket-api_1.1.0.jar;C:\Users\Phuong\.katalon\packages\Katalon_Studio_Windows_64-9.3.1\Katalon_Studio_Windows_64-9.3.1\plugins\org.glassfish.tyrus.container-grizzly-client_1.13.1.jar;C:\Users\Phuong\.katalon\packages\Katalon_Studio_Windows_64-9.3.1\Katalon_Studio_Windows_64-9.3.1\plugins\org.glassfish.grizzly.http-server_2.3.25.jar;C:\Users\Phuong\.katalon\packages\Katalon_Studio_Windows_64-9.3.1\Katalon_Studio_Windows_64-9.3.1\plugins\org.glassfish.grizzly.framework_2.3.25.jar;C:\Users\Phuong\.katalon\packages\Katalon_Studio_Windows_64-9.3.1\Katalon_Studio_Windows_64-9.3.1\plugins\org.glassfish.grizzly.http_2.3.25.jar;C:\Users\Phuong\.katalon\packages\Katalon_Studio_Windows_64-9.3.1\Katalon_Studio_Windows_64-9.3.1\plugins\org.glassfish.tyrus.client_1.13.1.jar;C:\Users\Phuong\.katalon\packages\Katalon_Studio_Windows_64-9.3.1\Katalon_Studio_Windows_64-9.3.1\plugins\org.glassfish.tyrus.core_1.13.1.jar;C:\Users\Phuong\.katalon\packages\Katalon_Studio_Windows_64-9.3.1\Katalon_Studio_Windows_64-9.3.1\plugins\org.glassfish.tyrus.spi_1.13.1.jar;C:\Users\Phuong\.katalon\packages\Katalon_Studio_Windows_64-9.3.1\Katalon_Studio_Windows_64-9.3.1\plugins\javassist_3.28.0.GA.jar;C:\Users\Phuong\.katalon\packages\Katalon_Studio_Windows_64-9.3.1\Katalon_Studio_Windows_64-9.3.1\plugins\com.graphql-java_16.2.0.jar;C:\Users\Phuong\.katalon\packages\Katalon_Studio_Windows_64-9.3.1\Katalon_Studio_Windows_64-9.3.1\plugins\org.glassfish.jaxb.runtime_2.3.6.jar;C:\Users\Phuong\.katalon\packages\Katalon_Studio_Windows_64-9.3.1\Katalon_Studio_Windows_64-9.3.1\plugins\org.glassfish.jaxb.txw2_2.3.6.jar;C:\Users\Phuong\.katalon\packages\Katalon_Studio_Windows_64-9.3.1\Katalon_Studio_Windows_64-9.3.1\plugins\org.dom4j_1.6.1.v201312101416.jar;C:\Users\Phuong\.katalon\packages\Katalon_Studio_Windows_64-9.3.1\Katalon_Studio_Windows_64-9.3.1\plugins\com.kms.katalon.groovy-extended_1.0.0.202402280646.jar;C:\Users\Phuong\.katalon\packages\Katalon_Studio_Windows_64-9.3.1\Katalon_Studio_Windows_64-9.3.1\plugins\com.sun.activation.javax.activation_1.2.0.jar;C:\Users\Phuong\.katalon\packages\Katalon_Studio_Windows_64-9.3.1\Katalon_Studio_Windows_64-9.3.1\plugins\jakarta.xml.bind-api_2.3.3.jar;C:\Users\Phuong\.katalon\packages\Katalon_Studio_Windows_64-9.3.1\Katalon_Studio_Windows_64-9.3.1\plugins\com.sun.xml.bind.jaxb-impl_2.3.6.jar;C:\Users\Phuong\.katalon\packages\Katalon_Studio_Windows_64-9.3.1\Katalon_Studio_Windows_64-9.3.1\plugins\org.apache.commons.logging_1.2.0.v20180409-1502.jar;C:\Users\Phuong\.katalon\packages\Katalon_Studio_Windows_64-9.3.1\Katalon_Studio_Windows_64-9.3.1\plugins\org.hamcrest.core_1.3.0.v20180420-1519.jar;C:\Users\Phuong\.katalon\packages\Katalon_Studio_Windows_64-9.3.1\Katalon_Studio_Windows_64-9.3.1\plugins\org.beanshell.bsh_2.0.0.0b4.jar;C:\Users\Phuong\.katalon\packages\Katalon_Studio_Windows_64-9.3.1\Katalon_Studio_Windows_64-9.3.1\plugins\org.apache.ant.launcher_1.9.6.jar;C:\Users\Phuong\.katalon\packages\Katalon_Studio_Windows_64-9.3.1\Katalon_Studio_Windows_64-9.3.1\plugins\com.kms.katalon.core.appium_1.0.0.202402280646.jar;C:\Users\Phuong\.katalon\packages\Katalon_Studio_Windows_64-9.3.1\Katalon_Studio_Windows_64-9.3.1\plugins\com.kms.katalon.logging_1.0.0.202402280646.jar;C:\Users\Phuong\.katalon\packages\Katalon_Studio_Windows_64-9.3.1\Katalon_Studio_Windows_64-9.3.1\plugins\org.eclipse.equinox.common_3.17.100.v20230202-1341.jar;C:\Users\Phuong\.katalon\packages\Katalon_Studio_Windows_64-9.3.1\Katalon_Studio_Windows_64-9.3.1\plugins\com.kms.katalon.core.webui_1.0.0.202402280646.jar;C:\Users\Phuong\.katalon\packages\Katalon_Studio_Windows_64-9.3.1\Katalon_Studio_Windows_64-9.3.1\plugins\org.json_20140107.0.0.jar;C:\Users\Phuong\.katalon\packages\Katalon_Studio_Windows_64-9.3.1\Katalon_Studio_Windows_64-9.3.1\plugins\org.eclipse.e4.core.contexts_1.11.0.v20220716-0839.jar;C:\Users\Phuong\.katalon\packages\Katalon_Studio_Windows_64-9.3.1\Katalon_Studio_Windows_64-9.3.1\plugins\org.eclipse.e4.core.services_2.3.400.v20220915-1347.jar;C:\Users\Phuong\.katalon\packages\Katalon_Studio_Windows_64-9.3.1\Katalon_Studio_Windows_64-9.3.1\plugins\com.kms.katalon.core.mobile_1.0.0.202402280646.jar;C:\Users\Phuong\.katalon\packages\Katalon_Studio_Windows_64-9.3.1\Katalon_Studio_Windows_64-9.3.1\plugins\org.apache.commons.commons-validator_1.7.0.jar;C:\Users\Phuong\.katalon\packages\Katalon_Studio_Windows_64-9.3.1\Katalon_Studio_Windows_64-9.3.1\plugins\com.kms.katalon.core.cucumber_1.0.0.202402280646.jar;C:\Users\Phuong\.katalon\packages\Katalon_Studio_Windows_64-9.3.1\Katalon_Studio_Windows_64-9.3.1\plugins\io.cucumber.core_3.0.2.jar;C:\Users\Phuong\.katalon\packages\Katalon_Studio_Windows_64-9.3.1\Katalon_Studio_Windows_64-9.3.1\plugins\io.cucumber.datatable_1.0.3.jar;C:\Users\Phuong\.katalon\packages\Katalon_Studio_Windows_64-9.3.1\Katalon_Studio_Windows_64-9.3.1\plugins\io.cucumber.datatable-dependencies_1.0.3.jar;C:\Users\Phuong\.katalon\packages\Katalon_Studio_Windows_64-9.3.1\Katalon_Studio_Windows_64-9.3.1\plugins\io.cucumber.expressions_5.0.19.jar;C:\Users\Phuong\.katalon\packages\Katalon_Studio_Windows_64-9.3.1\Katalon_Studio_Windows_64-9.3.1\plugins\io.cucumber.gherkin_5.0.0.jar;C:\Users\Phuong\.katalon\packages\Katalon_Studio_Windows_64-9.3.1\Katalon_Studio_Windows_64-9.3.1\plugins\io.cucumber.html_0.2.7.jar;C:\Users\Phuong\.katalon\packages\Katalon_Studio_Windows_64-9.3.1\Katalon_Studio_Windows_64-9.3.1\plugins\io.cucumber.java_3.0.2.jar;C:\Users\Phuong\.katalon\packages\Katalon_Studio_Windows_64-9.3.1\Katalon_Studio_Windows_64-9.3.1\plugins\io.cucumber.tag-expressions_1.1.1.jar;C:\Users\Phuong\.katalon\packages\Katalon_Studio_Windows_64-9.3.1\Katalon_Studio_Windows_64-9.3.1\plugins\io.cucumber.junit_3.0.2.jar;C:\Users\Phuong\.katalon\packages\Katalon_Studio_Windows_64-9.3.1\Katalon_Studio_Windows_64-9.3.1\plugins\com.kms.katalon.core.webservice_1.0.0.202402280646.jar;C:\Users\Phuong\.katalon\packages\Katalon_Studio_Windows_64-9.3.1\Katalon_Studio_Windows_64-9.3.1\plugins\wsdl4j_1.6.2.jar;C:\Users\Phuong\.katalon\packages\Katalon_Studio_Windows_64-9.3.1\Katalon_Studio_Windows_64-9.3.1\plugins\com.google.oauth-client.google-oauth-client_1.22.0.jar;C:\Users\Phuong\.katalon\packages\Katalon_Studio_Windows_64-9.3.1\Katalon_Studio_Windows_64-9.3.1\plugins\com.google.http-client.google-http-client_1.22.0.jar;C:\Users\Phuong\.katalon\packages\Katalon_Studio_Windows_64-9.3.1\Katalon_Studio_Windows_64-9.3.1\plugins\ca.juliusdavies.not-yet-commons-ssl_0.3.11.jar;C:\Users\Phuong\.katalon\packages\Katalon_Studio_Windows_64-9.3.1\Katalon_Studio_Windows_64-9.3.1\plugins\com.kms.katalon.preferences_1.0.0.202402280646.jar;C:\Users\Phuong\.katalon\packages\Katalon_Studio_Windows_64-9.3.1\Katalon_Studio_Windows_64-9.3.1\plugins\org.apache.xmlbeans_3.1.0.jar;C:\Users\Phuong\.katalon\packages\Katalon_Studio_Windows_64-9.3.1\Katalon_Studio_Windows_64-9.3.1\plugins\com.kms.katalon.entity_1.0.0.202402280646.jar;C:\Users\Phuong\.katalon\packages\Katalon_Studio_Windows_64-9.3.1\Katalon_Studio_Windows_64-9.3.1\plugins\org.antlr.antlr4-runtime_4.8.0.jar;C:\Users\Phuong\.katalon\packages\Katalon_Studio_Windows_64-9.3.1\Katalon_Studio_Windows_64-9.3.1\plugins\com.networknt.json-schema-validator_1.0.66.jar;C:\Users\Phuong\.katalon\packages\Katalon_Studio_Windows_64-9.3.1\Katalon_Studio_Windows_64-9.3.1\plugins\jakarta.xml.ws-api_2.3.3.jar;C:\Users\Phuong\.katalon\packages\Katalon_Studio_Windows_64-9.3.1\Katalon_Studio_Windows_64-9.3.1\plugins\javax.xml.soap-api_1.4.0.jar;C:\Users\Phuong\.katalon\packages\Katalon_Studio_Windows_64-9.3.1\Katalon_Studio_Windows_64-9.3.1\plugins\com.kms.katalon.core.windows_1.0.0.202402280646.jar;C:\Users\Phuong\.katalon\packages\Katalon_Studio_Windows_64-9.3.1\Katalon_Studio_Windows_64-9.3.1\plugins\com.kms.katalon.core.testng_1.0.0.202402280646.jar;C:\Users\Phuong\.katalon\packages\Katalon_Studio_Windows_64-9.3.1\Katalon_Studio_Windows_64-9.3.1\configuration\org.eclipse.osgi\27\0\.cp\resources\basic-report\katalon-studio-report-plugin.jar;C:\Users\Phuong\.katalon\packages\Katalon_Studio_Windows_64-9.3.1\Katalon_Studio_Windows_64-9.3.1\plugins\org.codehaus.groovy_3.0.17.v202303311542-e2303\lib\groovy-3.0.17-indy.jar;C:\Users\Phuong\.katalon\packages\Katalon_Studio_Windows_64-9.3.1\Katalon_Studio_Windows_64-9.3.1\plugins\org.codehaus.groovy_3.0.17.v202303311542-e2303\lib\ivy-2.5.1.jar --main groovy.ui.GroovyMain --encoding UTF-8 --indy C:\Users\Phuong\Katalon Studio\FixAllNow\Libs\TempTestCase1710744059559.groovy

Host: 11th Gen Intel(R) Core(TM) i5-1135G7 @ 2.40GHz, 8 cores, 7G,  Windows 10 , 64 bit Build 19041 (10.0.19041.3636)
Time: Mon Mar 18 13:41:07 2024 SE Asia Standard Time elapsed time: 6.199184 seconds (0d 0h 0m 6s)

---------------  T H R E A D  ---------------

Current thread (0x000001b637016340):  VMThread "VM Thread" [stack: 0x00000078e1700000,0x00000078e1800000] [id=10620]

Stack: [0x00000078e1700000,0x00000078e1800000]
Native frames: (J=compiled Java code, j=interpreted, Vv=VM code, C=native code)
V  [jvm.dll+0x67754a]
V  [jvm.dll+0x834304]
V  [jvm.dll+0x835aae]
V  [jvm.dll+0x836113]
V  [jvm.dll+0x24696f]
V  [jvm.dll+0x6743f9]
V  [jvm.dll+0x668c8a]
V  [jvm.dll+0x3061bb]
V  [jvm.dll+0x30d6a6]
V  [jvm.dll+0x35cece]
V  [jvm.dll+0x35d0ff]
V  [jvm.dll+0x2dd048]
V  [jvm.dll+0x2db20c]
V  [jvm.dll+0x2da7dc]
V  [jvm.dll+0x31e6db]
V  [jvm.dll+0x83a5bb]
V  [jvm.dll+0x83b2f4]
V  [jvm.dll+0x83b80c]
V  [jvm.dll+0x83bbe4]
V  [jvm.dll+0x83bcb0]
V  [jvm.dll+0x7e4e7a]
V  [jvm.dll+0x676395]
C  [ucrtbase.dll+0x21bb2]
C  [KERNEL32.DLL+0x17344]
C  [ntdll.dll+0x526b1]

VM_Operation (0x00000078e11fb9b0): G1CollectForAllocation, mode: safepoint, requested by thread 0x000001b616e603b0


---------------  P R O C E S S  ---------------

Threads class SMR info:
_java_thread_list=0x000001b63799e830, length=12, elements={
0x000001b616e603b0, 0x000001b63703d630, 0x000001b63703e260, 0x000001b6370634d0,
0x000001b637063e80, 0x000001b637066840, 0x000001b63706a6f0, 0x000001b637074300,
0x000001b63707d3d0, 0x000001b637085cc0, 0x000001b6372e7b10, 0x000001b637b04440
}

Java Threads: ( => current thread )
  0x000001b616e603b0 JavaThread "main" [_thread_blocked, id=9888, stack(0x00000078e1100000,0x00000078e1200000)]
  0x000001b63703d630 JavaThread "Reference Handler" daemon [_thread_blocked, id=10696, stack(0x00000078e1800000,0x00000078e1900000)]
  0x000001b63703e260 JavaThread "Finalizer" daemon [_thread_blocked, id=3716, stack(0x00000078e1900000,0x00000078e1a00000)]
  0x000001b6370634d0 JavaThread "Signal Dispatcher" daemon [_thread_blocked, id=2972, stack(0x00000078e1a00000,0x00000078e1b00000)]
  0x000001b637063e80 JavaThread "Attach Listener" daemon [_thread_blocked, id=3300, stack(0x00000078e1b00000,0x00000078e1c00000)]
  0x000001b637066840 JavaThread "Service Thread" daemon [_thread_blocked, id=15280, stack(0x00000078e1c00000,0x00000078e1d00000)]
  0x000001b63706a6f0 JavaThread "Monitor Deflation Thread" daemon [_thread_blocked, id=5432, stack(0x00000078e1d00000,0x00000078e1e00000)]
  0x000001b637074300 JavaThread "C2 CompilerThread0" daemon [_thread_in_native, id=6364, stack(0x00000078e1e00000,0x00000078e1f00000)]
  0x000001b63707d3d0 JavaThread "C1 CompilerThread0" daemon [_thread_blocked, id=6904, stack(0x00000078e1f00000,0x00000078e2000000)]
  0x000001b637085cc0 JavaThread "Sweeper thread" daemon [_thread_blocked, id=15612, stack(0x00000078e2000000,0x00000078e2100000)]
  0x000001b6372e7b10 JavaThread "Common-Cleaner" daemon [_thread_blocked, id=14996, stack(0x00000078e2100000,0x00000078e2200000)]
  0x000001b637b04440 JavaThread "Notification Thread" daemon [_thread_blocked, id=14460, stack(0x00000078e2200000,0x00000078e2300000)]

Other Threads:
=>0x000001b637016340 VMThread "VM Thread" [stack: 0x00000078e1700000,0x00000078e1800000] [id=10620]
  0x000001b637b754f0 WatcherThread [stack: 0x00000078e2300000,0x00000078e2400000] [id=15844]
  0x000001b616ebc870 GCTaskThread "GC Thread#0" [stack: 0x00000078e1200000,0x00000078e1300000] [id=14724]
  0x000001b637dae810 GCTaskThread "GC Thread#1" [stack: 0x00000078e2400000,0x00000078e2500000] [id=13576]
  0x000001b637fad340 GCTaskThread "GC Thread#2" [stack: 0x00000078e2500000,0x00000078e2600000] [id=16340]
  0x000001b6384480a0 GCTaskThread "GC Thread#3" [stack: 0x00000078e2600000,0x00000078e2700000] [id=15304]
  0x000001b639077c10 GCTaskThread "GC Thread#4" [stack: 0x00000078e2700000,0x00000078e2800000] [id=7124]
  0x000001b638bbbc10 GCTaskThread "GC Thread#5" [stack: 0x00000078e2800000,0x00000078e2900000] [id=9548]
  0x000001b638ed5450 GCTaskThread "GC Thread#6" [stack: 0x00000078e2900000,0x00000078e2a00000] [id=11836]
  0x000001b63860d710 GCTaskThread "GC Thread#7" [stack: 0x00000078e2a00000,0x00000078e2b00000] [id=8228]
  0x000001b616ecdf50 ConcurrentGCThread "G1 Main Marker" [stack: 0x00000078e1300000,0x00000078e1400000] [id=13496]
  0x000001b616ece960 ConcurrentGCThread "G1 Conc#0" [stack: 0x00000078e1400000,0x00000078e1500000] [id=13092]
  0x000001b63a236b00 ConcurrentGCThread "G1 Conc#1" [stack: 0x00000078e2b00000,0x00000078e2c00000] [id=11936]
  0x000001b632ca5020 ConcurrentGCThread "G1 Refine#0" [stack: 0x00000078e1500000,0x00000078e1600000] [id=14748]
  0x000001b632ca6a50 ConcurrentGCThread "G1 Service" [stack: 0x00000078e1600000,0x00000078e1700000] [id=6808]

Threads with active compile tasks:
C2 CompilerThread0     6246 3818       4       jdk.internal.org.objectweb.asm.Frame::execute (2305 bytes)

VM state: at safepoint (normal execution)

VM Mutex/Monitor currently owned by a thread:  ([mutex/lock_event])
[0x000001b616e5d130] Threads_lock - owner thread: 0x000001b637016340
[0x000001b616e5d1c0] Heap_lock - owner thread: 0x000001b616e603b0

Heap address: 0x0000000080000000, size: 2048 MB, Compressed Oops mode: 32-bit

CDS archive(s) not mapped
Compressed class space mapped at: 0x0000000100000000-0x0000000140000000, reserved size: 1073741824
Narrow klass base: 0x0000000000000000, Narrow klass shift: 3, Narrow klass range: 0x140000000

GC Precious Log:
 CPUs: 8 total, 8 available
 Memory: 7971M
 Large Page Support: Disabled
 NUMA Support: Disabled
 Compressed Oops: Enabled (32-bit)
 Heap Region Size: 1M
 Heap Min Capacity: 8M
 Heap Initial Capacity: 126M
 Heap Max Capacity: 2G
 Pre-touch: Disabled
 Parallel Workers: 8
 Concurrent Workers: 2
 Concurrent Refinement Workers: 8
 Periodic GC: Disabled

Heap:
 garbage-first heap   total 129024K, used 28508K [0x0000000080000000, 0x0000000100000000)
  region size 1024K, 4 young (4096K), 4 survivors (4096K)
 Metaspace       used 32311K, committed 32768K, reserved 1114112K
  class space    used 3426K, committed 3648K, reserved 1048576K

Heap Regions: E=young(eden), S=young(survivor), O=old, HS=humongous(starts), HC=humongous(continues), CS=collection set, F=free, OA=open archive, CA=closed archive, TAMS=top-at-mark-start (previous, next)
|   0|0x0000000080000000, 0x0000000080100000, 0x0000000080100000|100%|HS|  |TAMS 0x0000000080100000, 0x0000000080000000| Complete 
|   1|0x0000000080100000, 0x0000000080200000, 0x0000000080200000|100%|HS|  |TAMS 0x0000000080200000, 0x0000000080100000| Complete 
|   2|0x0000000080200000, 0x0000000080300000, 0x0000000080300000|100%|HS|  |TAMS 0x0000000080300000, 0x0000000080200000| Complete 
|   3|0x0000000080300000, 0x0000000080400000, 0x0000000080400000|100%|HC|  |TAMS 0x0000000080400000, 0x0000000080300000| Complete 
|   4|0x0000000080400000, 0x0000000080500000, 0x0000000080500000|100%| O|  |TAMS 0x0000000080500000, 0x0000000080400000| Untracked 
|   5|0x0000000080500000, 0x0000000080600000, 0x0000000080600000|100%| O|  |TAMS 0x0000000080600000, 0x0000000080500000| Untracked 
|   6|0x0000000080600000, 0x0000000080700000, 0x0000000080700000|100%| O|  |TAMS 0x0000000080700000, 0x0000000080600000| Untracked 
|   7|0x0000000080700000, 0x0000000080800000, 0x0000000080800000|100%| O|  |TAMS 0x0000000080800000, 0x0000000080700000| Untracked 
|   8|0x0000000080800000, 0x0000000080900000, 0x0000000080900000|100%| O|  |TAMS 0x0000000080900000, 0x0000000080800000| Untracked 
|   9|0x0000000080900000, 0x0000000080a00000, 0x0000000080a00000|100%| O|  |TAMS 0x0000000080a00000, 0x0000000080900000| Untracked 
|  10|0x0000000080a00000, 0x0000000080b00000, 0x0000000080b00000|100%| O|  |TAMS 0x0000000080b00000, 0x0000000080a00000| Untracked 
|  11|0x0000000080b00000, 0x0000000080c00000, 0x0000000080c00000|100%| O|  |TAMS 0x0000000080c00000, 0x0000000080b00000| Untracked 
|  12|0x0000000080c00000, 0x0000000080d00000, 0x0000000080d00000|100%| O|  |TAMS 0x0000000080d00000, 0x0000000080c00000| Untracked 
|  13|0x0000000080d00000, 0x0000000080e00000, 0x0000000080e00000|100%| O|  |TAMS 0x0000000080d86e00, 0x0000000080d00000| Untracked 
|  14|0x0000000080e00000, 0x0000000080f00000, 0x0000000080f00000|100%| O|  |TAMS 0x0000000080e00000, 0x0000000080e00000| Untracked 
|  15|0x0000000080f00000, 0x0000000081000000, 0x0000000081000000|100%| O|  |TAMS 0x0000000080f00000, 0x0000000080f00000| Untracked 
|  16|0x0000000081000000, 0x0000000081100000, 0x0000000081100000|100%| O|  |TAMS 0x0000000081000000, 0x0000000081000000| Untracked 
|  17|0x0000000081100000, 0x0000000081200000, 0x0000000081200000|100%| O|  |TAMS 0x0000000081100000, 0x0000000081100000| Untracked 
|  18|0x0000000081200000, 0x0000000081300000, 0x0000000081300000|100%| O|  |TAMS 0x0000000081200000, 0x0000000081200000| Untracked 
|  19|0x0000000081300000, 0x0000000081400000, 0x0000000081400000|100%| O|  |TAMS 0x0000000081300000, 0x0000000081300000| Untracked 
|  20|0x0000000081400000, 0x0000000081500000, 0x0000000081500000|100%| O|  |TAMS 0x0000000081400000, 0x0000000081400000| Untracked 
|  21|0x0000000081500000, 0x0000000081600000, 0x0000000081600000|100%| O|  |TAMS 0x0000000081500000, 0x0000000081500000| Untracked 
|  22|0x0000000081600000, 0x0000000081700000, 0x0000000081700000|100%| O|  |TAMS 0x0000000081600000, 0x0000000081600000| Untracked 
|  23|0x0000000081700000, 0x0000000081800000, 0x0000000081800000|100%| O|  |TAMS 0x0000000081700000, 0x0000000081700000| Untracked 
|  24|0x0000000081800000, 0x000000008189e400, 0x0000000081900000| 61%| O|  |TAMS 0x0000000081800000, 0x0000000081800000| Untracked 
|  25|0x0000000081900000, 0x0000000081900000, 0x0000000081a00000|  0%| F|  |TAMS 0x0000000081900000, 0x0000000081900000| Untracked 
|  26|0x0000000081a00000, 0x0000000081a00000, 0x0000000081b00000|  0%| F|  |TAMS 0x0000000081a00000, 0x0000000081a00000| Untracked 
|  27|0x0000000081b00000, 0x0000000081b00000, 0x0000000081c00000|  0%| F|  |TAMS 0x0000000081b00000, 0x0000000081b00000| Untracked 
|  28|0x0000000081c00000, 0x0000000081c00000, 0x0000000081d00000|  0%| F|  |TAMS 0x0000000081c00000, 0x0000000081c00000| Untracked 
|  29|0x0000000081d00000, 0x0000000081d00000, 0x0000000081e00000|  0%| F|  |TAMS 0x0000000081d00000, 0x0000000081d00000| Untracked 
|  30|0x0000000081e00000, 0x0000000081e00000, 0x0000000081f00000|  0%| F|  |TAMS 0x0000000081e00000, 0x0000000081e00000| Untracked 
|  31|0x0000000081f00000, 0x0000000081f00000, 0x0000000082000000|  0%| F|  |TAMS 0x0000000081f00000, 0x0000000081f00000| Untracked 
|  32|0x0000000082000000, 0x0000000082000000, 0x0000000082100000|  0%| F|  |TAMS 0x0000000082000000, 0x0000000082000000| Untracked 
|  33|0x0000000082100000, 0x0000000082100000, 0x0000000082200000|  0%| F|  |TAMS 0x0000000082100000, 0x0000000082100000| Untracked 
|  34|0x0000000082200000, 0x0000000082200000, 0x0000000082300000|  0%| F|  |TAMS 0x0000000082200000, 0x0000000082200000| Untracked 
|  35|0x0000000082300000, 0x0000000082300000, 0x0000000082400000|  0%| F|  |TAMS 0x0000000082300000, 0x0000000082300000| Untracked 
|  36|0x0000000082400000, 0x0000000082400000, 0x0000000082500000|  0%| F|  |TAMS 0x0000000082400000, 0x0000000082400000| Untracked 
|  37|0x0000000082500000, 0x0000000082500000, 0x0000000082600000|  0%| F|  |TAMS 0x0000000082500000, 0x0000000082500000| Untracked 
|  38|0x0000000082600000, 0x0000000082638f60, 0x0000000082700000| 22%| S|CS|TAMS 0x0000000082600000, 0x0000000082600000| Complete 
|  39|0x0000000082700000, 0x0000000082800000, 0x0000000082800000|100%| S|CS|TAMS 0x0000000082700000, 0x0000000082700000| Complete 
|  40|0x0000000082800000, 0x0000000082900000, 0x0000000082900000|100%| S|CS|TAMS 0x0000000082800000, 0x0000000082800000| Complete 
|  41|0x0000000082900000, 0x0000000082a00000, 0x0000000082a00000|100%| S|CS|TAMS 0x0000000082900000, 0x0000000082900000| Complete 
|  42|0x0000000082a00000, 0x0000000082a00000, 0x0000000082b00000|  0%| F|  |TAMS 0x0000000082a00000, 0x0000000082a00000| Untracked 
|  43|0x0000000082b00000, 0x0000000082b00000, 0x0000000082c00000|  0%| F|  |TAMS 0x0000000082b00000, 0x0000000082b00000| Untracked 
|  44|0x0000000082c00000, 0x0000000082c00000, 0x0000000082d00000|  0%| F|  |TAMS 0x0000000082c00000, 0x0000000082c00000| Untracked 
|  45|0x0000000082d00000, 0x0000000082d00000, 0x0000000082e00000|  0%| F|  |TAMS 0x0000000082d00000, 0x0000000082d00000| Untracked 
|  46|0x0000000082e00000, 0x0000000082e00000, 0x0000000082f00000|  0%| F|  |TAMS 0x0000000082e00000, 0x0000000082e00000| Untracked 
|  47|0x0000000082f00000, 0x0000000082f00000, 0x0000000083000000|  0%| F|  |TAMS 0x0000000082f00000, 0x0000000082f00000| Untracked 
|  48|0x0000000083000000, 0x0000000083000000, 0x0000000083100000|  0%| F|  |TAMS 0x0000000083000000, 0x0000000083000000| Untracked 
|  49|0x0000000083100000, 0x0000000083100000, 0x0000000083200000|  0%| F|  |TAMS 0x0000000083100000, 0x0000000083100000| Untracked 
|  50|0x0000000083200000, 0x0000000083200000, 0x0000000083300000|  0%| F|  |TAMS 0x0000000083200000, 0x0000000083200000| Untracked 
|  51|0x0000000083300000, 0x0000000083300000, 0x0000000083400000|  0%| F|  |TAMS 0x0000000083300000, 0x0000000083300000| Untracked 
|  52|0x0000000083400000, 0x0000000083400000, 0x0000000083500000|  0%| F|  |TAMS 0x0000000083400000, 0x0000000083400000| Untracked 
|  53|0x0000000083500000, 0x0000000083500000, 0x0000000083600000|  0%| F|  |TAMS 0x0000000083500000, 0x0000000083500000| Untracked 
|  54|0x0000000083600000, 0x0000000083600000, 0x0000000083700000|  0%| F|  |TAMS 0x0000000083600000, 0x0000000083600000| Untracked 
|  55|0x0000000083700000, 0x0000000083700000, 0x0000000083800000|  0%| F|  |TAMS 0x0000000083700000, 0x0000000083700000| Untracked 
|  56|0x0000000083800000, 0x0000000083800000, 0x0000000083900000|  0%| F|  |TAMS 0x0000000083800000, 0x0000000083800000| Untracked 
|  57|0x0000000083900000, 0x0000000083900000, 0x0000000083a00000|  0%| F|  |TAMS 0x0000000083900000, 0x0000000083900000| Untracked 
|  58|0x0000000083a00000, 0x0000000083a00000, 0x0000000083b00000|  0%| F|  |TAMS 0x0000000083a00000, 0x0000000083a00000| Untracked 
|  59|0x0000000083b00000, 0x0000000083b00000, 0x0000000083c00000|  0%| F|  |TAMS 0x0000000083b00000, 0x0000000083b00000| Untracked 
|  60|0x0000000083c00000, 0x0000000083c00000, 0x0000000083d00000|  0%| F|  |TAMS 0x0000000083c00000, 0x0000000083c00000| Untracked 
|  61|0x0000000083d00000, 0x0000000083d00000, 0x0000000083e00000|  0%| F|  |TAMS 0x0000000083d00000, 0x0000000083d00000| Untracked 
|  62|0x0000000083e00000, 0x0000000083e00000, 0x0000000083f00000|  0%| F|  |TAMS 0x0000000083e00000, 0x0000000083e00000| Untracked 
|  63|0x0000000083f00000, 0x0000000083f00000, 0x0000000084000000|  0%| F|  |TAMS 0x0000000083f00000, 0x0000000083f00000| Untracked 
|  64|0x0000000084000000, 0x0000000084000000, 0x0000000084100000|  0%| F|  |TAMS 0x0000000084000000, 0x0000000084000000| Untracked 
|  65|0x0000000084100000, 0x0000000084100000, 0x0000000084200000|  0%| F|  |TAMS 0x0000000084100000, 0x0000000084100000| Untracked 
|  66|0x0000000084200000, 0x0000000084200000, 0x0000000084300000|  0%| F|  |TAMS 0x0000000084200000, 0x0000000084200000| Untracked 
|  67|0x0000000084300000, 0x0000000084300000, 0x0000000084400000|  0%| F|  |TAMS 0x0000000084300000, 0x0000000084300000| Untracked 
|  68|0x0000000084400000, 0x0000000084400000, 0x0000000084500000|  0%| F|  |TAMS 0x0000000084400000, 0x0000000084400000| Untracked 
|  69|0x0000000084500000, 0x0000000084500000, 0x0000000084600000|  0%| F|  |TAMS 0x0000000084500000, 0x0000000084500000| Untracked 
|  70|0x0000000084600000, 0x0000000084600000, 0x0000000084700000|  0%| F|  |TAMS 0x0000000084600000, 0x0000000084600000| Untracked 
|  71|0x0000000084700000, 0x0000000084700000, 0x0000000084800000|  0%| F|  |TAMS 0x0000000084700000, 0x0000000084700000| Untracked 
|  72|0x0000000084800000, 0x0000000084800000, 0x0000000084900000|  0%| F|  |TAMS 0x0000000084800000, 0x0000000084800000| Untracked 
|  73|0x0000000084900000, 0x0000000084900000, 0x0000000084a00000|  0%| F|  |TAMS 0x0000000084900000, 0x0000000084900000| Untracked 
|  74|0x0000000084a00000, 0x0000000084a00000, 0x0000000084b00000|  0%| F|  |TAMS 0x0000000084a00000, 0x0000000084a00000| Untracked 
|  75|0x0000000084b00000, 0x0000000084b00000, 0x0000000084c00000|  0%| F|  |TAMS 0x0000000084b00000, 0x0000000084b00000| Untracked 
|  76|0x0000000084c00000, 0x0000000084c00000, 0x0000000084d00000|  0%| F|  |TAMS 0x0000000084c00000, 0x0000000084c00000| Untracked 
|  77|0x0000000084d00000, 0x0000000084d00000, 0x0000000084e00000|  0%| F|  |TAMS 0x0000000084d00000, 0x0000000084d00000| Untracked 
|  78|0x0000000084e00000, 0x0000000084e00000, 0x0000000084f00000|  0%| F|  |TAMS 0x0000000084e00000, 0x0000000084e00000| Untracked 
|  79|0x0000000084f00000, 0x0000000084f00000, 0x0000000085000000|  0%| F|  |TAMS 0x0000000084f00000, 0x0000000084f00000| Untracked 
|  80|0x0000000085000000, 0x0000000085000000, 0x0000000085100000|  0%| F|  |TAMS 0x0000000085000000, 0x0000000085000000| Untracked 
|  81|0x0000000085100000, 0x0000000085100000, 0x0000000085200000|  0%| F|  |TAMS 0x0000000085100000, 0x0000000085100000| Untracked 
|  82|0x0000000085200000, 0x0000000085200000, 0x0000000085300000|  0%| F|  |TAMS 0x0000000085200000, 0x0000000085200000| Untracked 
|  83|0x0000000085300000, 0x0000000085300000, 0x0000000085400000|  0%| F|  |TAMS 0x0000000085300000, 0x0000000085300000| Untracked 
|  84|0x0000000085400000, 0x0000000085400000, 0x0000000085500000|  0%| F|  |TAMS 0x0000000085400000, 0x0000000085400000| Untracked 
|  85|0x0000000085500000, 0x0000000085500000, 0x0000000085600000|  0%| F|  |TAMS 0x0000000085500000, 0x0000000085500000| Untracked 
|  86|0x0000000085600000, 0x0000000085600000, 0x0000000085700000|  0%| F|  |TAMS 0x0000000085600000, 0x0000000085600000| Untracked 
|  87|0x0000000085700000, 0x0000000085700000, 0x0000000085800000|  0%| F|  |TAMS 0x0000000085700000, 0x0000000085700000| Untracked 
|  88|0x0000000085800000, 0x0000000085800000, 0x0000000085900000|  0%| F|  |TAMS 0x0000000085800000, 0x0000000085800000| Untracked 
|  89|0x0000000085900000, 0x0000000085900000, 0x0000000085a00000|  0%| F|  |TAMS 0x0000000085900000, 0x0000000085900000| Untracked 
|  90|0x0000000085a00000, 0x0000000085a00000, 0x0000000085b00000|  0%| F|  |TAMS 0x0000000085a00000, 0x0000000085a00000| Untracked 
|  91|0x0000000085b00000, 0x0000000085b00000, 0x0000000085c00000|  0%| F|  |TAMS 0x0000000085b00000, 0x0000000085b00000| Untracked 
|  92|0x0000000085c00000, 0x0000000085c00000, 0x0000000085d00000|  0%| F|  |TAMS 0x0000000085c00000, 0x0000000085c00000| Untracked 
|  93|0x0000000085d00000, 0x0000000085d00000, 0x0000000085e00000|  0%| F|  |TAMS 0x0000000085d00000, 0x0000000085d00000| Untracked 
|  94|0x0000000085e00000, 0x0000000085e00000, 0x0000000085f00000|  0%| F|  |TAMS 0x0000000085e00000, 0x0000000085e00000| Untracked 
|  95|0x0000000085f00000, 0x0000000085f00000, 0x0000000086000000|  0%| F|  |TAMS 0x0000000085f00000, 0x0000000085f00000| Untracked 
|  96|0x0000000086000000, 0x0000000086000000, 0x0000000086100000|  0%| F|  |TAMS 0x0000000086000000, 0x0000000086000000| Untracked 
|  97|0x0000000086100000, 0x0000000086100000, 0x0000000086200000|  0%| F|  |TAMS 0x0000000086100000, 0x0000000086100000| Untracked 
|  98|0x0000000086200000, 0x0000000086200000, 0x0000000086300000|  0%| F|  |TAMS 0x0000000086200000, 0x0000000086200000| Untracked 
|  99|0x0000000086300000, 0x0000000086300000, 0x0000000086400000|  0%| F|  |TAMS 0x0000000086300000, 0x0000000086300000| Untracked 
| 100|0x0000000086400000, 0x0000000086400000, 0x0000000086500000|  0%| F|  |TAMS 0x0000000086400000, 0x0000000086400000| Untracked 
| 101|0x0000000086500000, 0x0000000086500000, 0x0000000086600000|  0%| F|  |TAMS 0x0000000086500000, 0x0000000086500000| Untracked 
| 102|0x0000000086600000, 0x0000000086600000, 0x0000000086700000|  0%| F|  |TAMS 0x0000000086600000, 0x0000000086600000| Untracked 
| 103|0x0000000086700000, 0x0000000086700000, 0x0000000086800000|  0%| F|  |TAMS 0x0000000086700000, 0x0000000086700000| Untracked 
| 104|0x0000000086800000, 0x0000000086800000, 0x0000000086900000|  0%| F|  |TAMS 0x0000000086800000, 0x0000000086800000| Untracked 
| 105|0x0000000086900000, 0x0000000086900000, 0x0000000086a00000|  0%| F|  |TAMS 0x0000000086900000, 0x0000000086900000| Untracked 
| 106|0x0000000086a00000, 0x0000000086a00000, 0x0000000086b00000|  0%| F|  |TAMS 0x0000000086a00000, 0x0000000086a00000| Untracked 
| 107|0x0000000086b00000, 0x0000000086b00000, 0x0000000086c00000|  0%| F|  |TAMS 0x0000000086b00000, 0x0000000086b00000| Untracked 
| 108|0x0000000086c00000, 0x0000000086c00000, 0x0000000086d00000|  0%| F|  |TAMS 0x0000000086c00000, 0x0000000086c00000| Untracked 
| 109|0x0000000086d00000, 0x0000000086d00000, 0x0000000086e00000|  0%| F|  |TAMS 0x0000000086d00000, 0x0000000086d00000| Untracked 
| 110|0x0000000086e00000, 0x0000000086e00000, 0x0000000086f00000|  0%| F|  |TAMS 0x0000000086e00000, 0x0000000086e00000| Untracked 
| 111|0x0000000086f00000, 0x0000000086f00000, 0x0000000087000000|  0%| F|  |TAMS 0x0000000086f00000, 0x0000000086f00000| Untracked 
| 112|0x0000000087000000, 0x0000000087000000, 0x0000000087100000|  0%| F|  |TAMS 0x0000000087000000, 0x0000000087000000| Untracked 
| 113|0x0000000087100000, 0x0000000087100000, 0x0000000087200000|  0%| F|  |TAMS 0x0000000087100000, 0x0000000087100000| Untracked 
| 114|0x0000000087200000, 0x0000000087200000, 0x0000000087300000|  0%| F|  |TAMS 0x0000000087200000, 0x0000000087200000| Untracked 
| 115|0x0000000087300000, 0x0000000087300000, 0x0000000087400000|  0%| F|  |TAMS 0x0000000087300000, 0x0000000087300000| Untracked 
| 116|0x0000000087400000, 0x0000000087400000, 0x0000000087500000|  0%| F|  |TAMS 0x0000000087400000, 0x0000000087400000| Untracked 
| 117|0x0000000087500000, 0x0000000087500000, 0x0000000087600000|  0%| F|  |TAMS 0x0000000087500000, 0x0000000087500000| Untracked 
| 118|0x0000000087600000, 0x0000000087600000, 0x0000000087700000|  0%| F|  |TAMS 0x0000000087600000, 0x0000000087600000| Untracked 
| 119|0x0000000087700000, 0x0000000087700000, 0x0000000087800000|  0%| F|  |TAMS 0x0000000087700000, 0x0000000087700000| Untracked 
| 120|0x0000000087800000, 0x0000000087800000, 0x0000000087900000|  0%| F|  |TAMS 0x0000000087800000, 0x0000000087800000| Untracked 
| 121|0x0000000087900000, 0x0000000087900000, 0x0000000087a00000|  0%| F|  |TAMS 0x0000000087900000, 0x0000000087900000| Untracked 
| 122|0x0000000087a00000, 0x0000000087a00000, 0x0000000087b00000|  0%| F|  |TAMS 0x0000000087a00000, 0x0000000087a00000| Untracked 
| 123|0x0000000087b00000, 0x0000000087b00000, 0x0000000087c00000|  0%| F|  |TAMS 0x0000000087b00000, 0x0000000087b00000| Untracked 
| 124|0x0000000087c00000, 0x0000000087c00000, 0x0000000087d00000|  0%| F|  |TAMS 0x0000000087c00000, 0x0000000087c00000| Untracked 
| 125|0x0000000087d00000, 0x0000000087d00000, 0x0000000087e00000|  0%| F|  |TAMS 0x0000000087d00000, 0x0000000087d00000| Untracked 

Card table byte_map: [0x000001b62bb30000,0x000001b62bf30000] _byte_map_base: 0x000001b62b730000

Marking Bits (Prev, Next): (CMBitMap*) 0x000001b616ebcec0, (CMBitMap*) 0x000001b616ebce80
 Prev Bits: [0x000001b62e330000, 0x000001b630330000)
 Next Bits: [0x000001b62c330000, 0x000001b62e330000)

Polling page: 0x000001b616ef0000

Metaspace:

Usage:
  Non-class:     28.21 MB used.
      Class:      3.35 MB used.
       Both:     31.55 MB used.

Virtual space:
  Non-class space:       64.00 MB reserved,      28.44 MB ( 44%) committed,  1 nodes.
      Class space:        1.00 GB reserved,       3.56 MB ( <1%) committed,  1 nodes.
             Both:        1.06 GB reserved,      32.00 MB (  3%) committed. 

Chunk freelists:
   Non-Class:  3.41 MB
       Class:  12.36 MB
        Both:  15.77 MB

MaxMetaspaceSize: unlimited
CompressedClassSpaceSize: 1.00 GB
Initial GC threshold: 21.00 MB
Current GC threshold: 35.12 MB
CDS: off
MetaspaceReclaimPolicy: balanced
 - commit_granule_bytes: 65536.
 - commit_granule_words: 8192.
 - virtual_space_node_default_size: 8388608.
 - enlarge_chunks_in_place: 1.
 - new_chunks_are_fully_committed: 0.
 - uncommit_free_chunks: 1.
 - use_allocation_guard: 0.
 - handle_deallocations: 1.


Internal statistics:

num_allocs_failed_limit: 3.
num_arena_births: 440.
num_arena_deaths: 0.
num_vsnodes_births: 2.
num_vsnodes_deaths: 0.
num_space_committed: 512.
num_space_uncommitted: 0.
num_chunks_returned_to_freelist: 3.
num_chunks_taken_from_freelist: 1130.
num_chunk_merges: 3.
num_chunk_splits: 758.
num_chunks_enlarged: 518.
num_inconsistent_stats: 0.

CodeHeap 'non-profiled nmethods': size=120000Kb used=1783Kb max_used=1783Kb free=118216Kb
 bounds [0x000001b623790000, 0x000001b623a00000, 0x000001b62acc0000]
CodeHeap 'profiled nmethods': size=120000Kb used=6856Kb max_used=6856Kb free=113143Kb
 bounds [0x000001b61bcc0000, 0x000001b61c380000, 0x000001b6231f0000]
CodeHeap 'non-nmethods': size=5760Kb used=2271Kb max_used=2297Kb free=3488Kb
 bounds [0x000001b6231f0000, 0x000001b623460000, 0x000001b623790000]
 total_blobs=4643 nmethods=3882 adapters=673
 compilation: enabled
              stopped_count=0, restarted_count=0
 full_count=0

Compilation events (20 events):
Event: 6.147 Thread 0x000001b63707d3d0 3887       1       sun.security.x509.X509AttributeName::getPrefix (5 bytes)
Event: 6.147 Thread 0x000001b63707d3d0 nmethod 3887 0x000001b62394d510 code [0x000001b62394d6a0, 0x000001b62394d778]
Event: 6.148 Thread 0x000001b63707d3d0 3889       3       sun.security.provider.SHA::implCompress0 (506 bytes)
Event: 6.148 Thread 0x000001b63707d3d0 nmethod 3889 0x000001b61c36de90 code [0x000001b61c36e0c0, 0x000001b61c36eae8]
Event: 6.149 Thread 0x000001b63707d3d0 3890       3       sun.security.provider.SHA::implCompress (13 bytes)
Event: 6.149 Thread 0x000001b63707d3d0 nmethod 3890 0x000001b61c36f010 code [0x000001b61c36f200, 0x000001b61c36f648]
Event: 6.149 Thread 0x000001b63707d3d0 3891       3       sun.security.provider.SHA::implCompressCheck (27 bytes)
Event: 6.149 Thread 0x000001b63707d3d0 nmethod 3891 0x000001b61c36f810 code [0x000001b61c36f9e0, 0x000001b61c36fd98]
Event: 6.149 Thread 0x000001b63707d3d0 3892       3       java.math.BigInteger::montReduce (99 bytes)
Event: 6.149 Thread 0x000001b63707d3d0 nmethod 3892 0x000001b61c36ff10 code [0x000001b61c370100, 0x000001b61c3705c8]
Event: 6.149 Thread 0x000001b63707d3d0 3894 %     3       java.math.BigInteger::implMultiplyToLen @ 135 (216 bytes)
Event: 6.150 Thread 0x000001b63707d3d0 nmethod 3894% 0x000001b61c370810 code [0x000001b61c370a00, 0x000001b61c3710b8]
Event: 6.150 Thread 0x000001b63707d3d0 3895       3       java.util.regex.Pattern$SliceI::match (96 bytes)
Event: 6.150 Thread 0x000001b63707d3d0 nmethod 3895 0x000001b61c371510 code [0x000001b61c371700, 0x000001b61c371d58]
Event: 6.164 Thread 0x000001b63707d3d0 3897       1       com.sun.org.apache.xerces.internal.utils.XMLSecurityManager$Limit::systemProperty (5 bytes)
Event: 6.164 Thread 0x000001b63707d3d0 nmethod 3897 0x000001b62394d810 code [0x000001b62394d9a0, 0x000001b62394da78]
Event: 6.164 Thread 0x000001b63707d3d0 3898       1       com.sun.org.apache.xerces.internal.util.Status::isExceptional (5 bytes)
Event: 6.164 Thread 0x000001b63707d3d0 nmethod 3898 0x000001b62394db10 code [0x000001b62394dca0, 0x000001b62394dd78]
Event: 6.170 Thread 0x000001b63707d3d0 3899       3       java.util.concurrent.ConcurrentHashMap::isEmpty (15 bytes)
Event: 6.170 Thread 0x000001b63707d3d0 nmethod 3899 0x000001b61c371f90 code [0x000001b61c372140, 0x000001b61c3722e8]

GC Heap History (19 events):
Event: 1.698 GC heap before
{Heap before GC invocations=0 (full 0):
 garbage-first heap   total 129024K, used 26624K [0x0000000080000000, 0x0000000100000000)
  region size 1024K, 23 young (23552K), 0 survivors (0K)
 Metaspace       used 6774K, committed 6976K, reserved 1114112K
  class space    used 524K, committed 640K, reserved 1048576K
}
Event: 1.702 GC heap after
{Heap after GC invocations=1 (full 0):
 garbage-first heap   total 129024K, used 13994K [0x0000000080000000, 0x0000000100000000)
  region size 1024K, 3 young (3072K), 3 survivors (3072K)
 Metaspace       used 6774K, committed 6976K, reserved 1114112K
  class space    used 524K, committed 640K, reserved 1048576K
}
Event: 2.322 GC heap before
{Heap before GC invocations=1 (full 0):
 garbage-first heap   total 129024K, used 36522K [0x0000000080000000, 0x0000000100000000)
  region size 1024K, 25 young (25600K), 3 survivors (3072K)
 Metaspace       used 12054K, committed 12288K, reserved 1114112K
  class space    used 1022K, committed 1152K, reserved 1048576K
}
Event: 2.328 GC heap after
{Heap after GC invocations=2 (full 0):
 garbage-first heap   total 129024K, used 16369K [0x0000000080000000, 0x0000000100000000)
  region size 1024K, 3 young (3072K), 3 survivors (3072K)
 Metaspace       used 12054K, committed 12288K, reserved 1114112K
  class space    used 1022K, committed 1152K, reserved 1048576K
}
Event: 3.349 GC heap before
{Heap before GC invocations=2 (full 0):
 garbage-first heap   total 129024K, used 59377K [0x0000000080000000, 0x0000000100000000)
  region size 1024K, 43 young (44032K), 3 survivors (3072K)
 Metaspace       used 17787K, committed 18048K, reserved 1114112K
  class space    used 1668K, committed 1792K, reserved 1048576K
}
Event: 3.357 GC heap after
{Heap after GC invocations=3 (full 0):
 garbage-first heap   total 129024K, used 21648K [0x0000000080000000, 0x0000000100000000)
  region size 1024K, 6 young (6144K), 6 survivors (6144K)
 Metaspace       used 17787K, committed 18048K, reserved 1114112K
  class space    used 1668K, committed 1792K, reserved 1048576K
}
Event: 4.173 GC heap before
{Heap before GC invocations=3 (full 0):
 garbage-first heap   total 129024K, used 44176K [0x0000000080000000, 0x0000000100000000)
  region size 1024K, 29 young (29696K), 6 survivors (6144K)
 Metaspace       used 21321K, committed 21504K, reserved 1114112K
  class space    used 2232K, committed 2304K, reserved 1048576K
}
Event: 4.180 GC heap after
{Heap after GC invocations=4 (full 0):
 garbage-first heap   total 129024K, used 21207K [0x0000000080000000, 0x0000000100000000)
  region size 1024K, 5 young (5120K), 5 survivors (5120K)
 Metaspace       used 21321K, committed 21504K, reserved 1114112K
  class space    used 2232K, committed 2304K, reserved 1048576K
}
Event: 4.503 GC heap before
{Heap before GC invocations=5 (full 0):
 garbage-first heap   total 78848K, used 62167K [0x0000000080000000, 0x0000000100000000)
  region size 1024K, 46 young (47104K), 5 survivors (5120K)
 Metaspace       used 22088K, committed 22336K, reserved 1114112K
  class space    used 2310K, committed 2432K, reserved 1048576K
}
Event: 4.511 GC heap after
{Heap after GC invocations=6 (full 0):
 garbage-first heap   total 78848K, used 22003K [0x0000000080000000, 0x0000000100000000)
  region size 1024K, 2 young (2048K), 2 survivors (2048K)
 Metaspace       used 22088K, committed 22336K, reserved 1114112K
  class space    used 2310K, committed 2432K, reserved 1048576K
}
Event: 4.512 GC heap before
{Heap before GC invocations=6 (full 0):
 garbage-first heap   total 78848K, used 23027K [0x0000000080000000, 0x0000000100000000)
  region size 1024K, 3 young (3072K), 2 survivors (2048K)
 Metaspace       used 22088K, committed 22336K, reserved 1114112K
  class space    used 2310K, committed 2432K, reserved 1048576K
}
Event: 4.515 GC heap after
{Heap after GC invocations=7 (full 0):
 garbage-first heap   total 78848K, used 22566K [0x0000000080000000, 0x0000000100000000)
  region size 1024K, 1 young (1024K), 1 survivors (1024K)
 Metaspace       used 22088K, committed 22336K, reserved 1114112K
  class space    used 2310K, committed 2432K, reserved 1048576K
}
Event: 5.220 GC heap before
{Heap before GC invocations=7 (full 0):
 garbage-first heap   total 78848K, used 56358K [0x0000000080000000, 0x0000000100000000)
  region size 1024K, 34 young (34816K), 1 survivors (1024K)
 Metaspace       used 26344K, committed 26688K, reserved 1114112K
  class space    used 2749K, committed 2880K, reserved 1048576K
}
Event: 5.225 GC heap after
{Heap after GC invocations=8 (full 0):
 garbage-first heap   total 78848K, used 25197K [0x0000000080000000, 0x0000000100000000)
  region size 1024K, 3 young (3072K), 3 survivors (3072K)
 Metaspace       used 26344K, committed 26688K, reserved 1114112K
  class space    used 2749K, committed 2880K, reserved 1048576K
}
Event: 5.795 GC heap before
{Heap before GC invocations=8 (full 0):
 garbage-first heap   total 78848K, used 57965K [0x0000000080000000, 0x0000000100000000)
  region size 1024K, 35 young (35840K), 3 survivors (3072K)
 Metaspace       used 30558K, committed 30912K, reserved 1114112K
  class space    used 3269K, committed 3456K, reserved 1048576K
}
Event: 5.802 GC heap after
{Heap after GC invocations=9 (full 0):
 garbage-first heap   total 78848K, used 27485K [0x0000000080000000, 0x0000000100000000)
  region size 1024K, 3 young (3072K), 3 survivors (3072K)
 Metaspace       used 30558K, committed 30912K, reserved 1114112K
  class space    used 3269K, committed 3456K, reserved 1048576K
}
Event: 5.939 GC heap before
{Heap before GC invocations=9 (full 0):
 garbage-first heap   total 78848K, used 61277K [0x0000000080000000, 0x0000000100000000)
  region size 1024K, 33 young (33792K), 3 survivors (3072K)
 Metaspace       used 31698K, committed 32064K, reserved 1114112K
  class space    used 3344K, committed 3520K, reserved 1048576K
}
Event: 5.942 GC heap after
{Heap after GC invocations=10 (full 0):
 garbage-first heap   total 78848K, used 27872K [0x0000000080000000, 0x0000000100000000)
  region size 1024K, 3 young (3072K), 3 survivors (3072K)
 Metaspace       used 31698K, committed 32064K, reserved 1114112K
  class space    used 3344K, committed 3520K, reserved 1048576K
}
Event: 6.182 GC heap before
{Heap before GC invocations=10 (full 0):
 garbage-first heap   total 78848K, used 60640K [0x0000000080000000, 0x0000000100000000)
  region size 1024K, 35 young (35840K), 3 survivors (3072K)
 Metaspace       used 32311K, committed 32768K, reserved 1114112K
  class space    used 3426K, committed 3648K, reserved 1048576K
}

Dll operation events (6 events):
Event: 0.063 Loaded shared library C:\Users\Phuong\.katalon\packages\Katalon_Studio_Windows_64-9.3.1\Katalon_Studio_Windows_64-9.3.1\jre\bin\java.dll
Event: 0.486 Loaded shared library C:\Users\Phuong\.katalon\packages\Katalon_Studio_Windows_64-9.3.1\Katalon_Studio_Windows_64-9.3.1\jre\bin\net.dll
Event: 0.494 Loaded shared library C:\Users\Phuong\.katalon\packages\Katalon_Studio_Windows_64-9.3.1\Katalon_Studio_Windows_64-9.3.1\jre\bin\nio.dll
Event: 0.506 Loaded shared library C:\Users\Phuong\.katalon\packages\Katalon_Studio_Windows_64-9.3.1\Katalon_Studio_Windows_64-9.3.1\jre\bin\zip.dll
Event: 1.764 Loaded shared library C:\Users\Phuong\.katalon\packages\Katalon_Studio_Windows_64-9.3.1\Katalon_Studio_Windows_64-9.3.1\jre\bin\verify.dll
Event: 2.037 Loaded shared library C:\Users\Phuong\.katalon\packages\Katalon_Studio_Windows_64-9.3.1\Katalon_Studio_Windows_64-9.3.1\jre\bin\jimage.dll

Deoptimization events (20 events):
Event: 5.724 Thread 0x000001b616e603b0 Uncommon trap: trap_request=0xffffff45 fr.pc=0x000001b6239153c8 relative=0x00000000000000a8
Event: 5.724 Thread 0x000001b616e603b0 Uncommon trap: reason=unstable_if action=reinterpret pc=0x000001b6239153c8 method=java.lang.CharacterDataLatin1.digit(II)I @ 12 c2
Event: 5.724 Thread 0x000001b616e603b0 DEOPT PACKING pc=0x000001b6239153c8 sp=0x00000078e11fd770
Event: 5.724 Thread 0x000001b616e603b0 DEOPT UNPACKING pc=0x000001b62324a1a3 sp=0x00000078e11fd6e8 mode 2
Event: 5.794 Thread 0x000001b616e603b0 DEOPT PACKING pc=0x000001b61c2ea1f5 sp=0x00000078e11fc1c0
Event: 5.794 Thread 0x000001b616e603b0 DEOPT UNPACKING pc=0x000001b62324ace3 sp=0x00000078e11fb660 mode 0
Event: 5.905 Thread 0x000001b616e603b0 DEOPT PACKING pc=0x000001b61c2ea1f5 sp=0x00000078e11fa900
Event: 5.905 Thread 0x000001b616e603b0 DEOPT UNPACKING pc=0x000001b62324ace3 sp=0x00000078e11f9d88 mode 0
Event: 5.980 Thread 0x000001b616e603b0 DEOPT PACKING pc=0x000001b61c2ea1f5 sp=0x00000078e11fc010
Event: 5.980 Thread 0x000001b616e603b0 DEOPT UNPACKING pc=0x000001b62324ace3 sp=0x00000078e11fb498 mode 0
Event: 6.001 Thread 0x000001b616e603b0 DEOPT PACKING pc=0x000001b61c2dcd08 sp=0x00000078e11fb8b0
Event: 6.001 Thread 0x000001b616e603b0 DEOPT UNPACKING pc=0x000001b62324ace3 sp=0x00000078e11fadb8 mode 0
Event: 6.030 Thread 0x000001b616e603b0 DEOPT PACKING pc=0x000001b61c2dcd08 sp=0x00000078e11f9000
Event: 6.030 Thread 0x000001b616e603b0 DEOPT UNPACKING pc=0x000001b62324ace3 sp=0x00000078e11f8508 mode 0
Event: 6.047 Thread 0x000001b616e603b0 DEOPT PACKING pc=0x000001b61c2dcd08 sp=0x00000078e11fc070
Event: 6.047 Thread 0x000001b616e603b0 DEOPT UNPACKING pc=0x000001b62324ace3 sp=0x00000078e11fb578 mode 0
Event: 6.054 Thread 0x000001b616e603b0 DEOPT PACKING pc=0x000001b61c2ea1f5 sp=0x00000078e11fc2a0
Event: 6.054 Thread 0x000001b616e603b0 DEOPT UNPACKING pc=0x000001b62324ace3 sp=0x00000078e11fb728 mode 0
Event: 6.059 Thread 0x000001b616e603b0 DEOPT PACKING pc=0x000001b61c2dcd08 sp=0x00000078e11fc070
Event: 6.059 Thread 0x000001b616e603b0 DEOPT UNPACKING pc=0x000001b62324ace3 sp=0x00000078e11fb578 mode 0

Classes unloaded (0 events):
No events

Classes redefined (0 events):
No events

Internal exceptions (20 events):
Event: 5.955 Thread 0x000001b616e603b0 Exception <a 'java/lang/ClassNotFoundException'{0x0000000087df46d8}: com/kms/katalon/core/ast/AstTestStepTransformationBeanInfo> (0x0000000087df46d8) 
thrown [s\src\hotspot\share\classfile\systemDictionary.cpp, line 256]
Event: 5.957 Thread 0x000001b616e603b0 Exception <a 'java/lang/ClassNotFoundException'{0x0000000086613820}: com/kms/katalon/core/ast/AstTestStepTransformationCustomizer> (0x0000000086613820) 
thrown [s\src\hotspot\share\classfile\systemDictionary.cpp, line 256]
Event: 5.967 Thread 0x000001b616e603b0 Exception <a 'java/lang/ClassNotFoundException'{0x0000000086686c38}: jdk/proxy2/$Proxy7BeanInfo> (0x0000000086686c38) 
thrown [s\src\hotspot\share\classfile\systemDictionary.cpp, line 256]
Event: 5.977 Thread 0x000001b616e603b0 Exception <a 'java/lang/ClassNotFoundException'{0x00000000866a34e0}: jdk/proxy2/$Proxy7Customizer> (0x00000000866a34e0) 
thrown [s\src\hotspot\share\classfile\systemDictionary.cpp, line 256]
Event: 5.983 Thread 0x000001b616e603b0 Exception <a 'java/lang/ClassNotFoundException'{0x0000000084600df0}: org/codehaus/groovy/ast/ClassHelperBeanInfo> (0x0000000084600df0) 
thrown [s\src\hotspot\share\classfile\systemDictionary.cpp, line 256]
Event: 5.987 Thread 0x000001b616e603b0 Exception <a 'java/lang/ClassNotFoundException'{0x00000000842431d0}: org/codehaus/groovy/ast/ClassHelperCustomizer> (0x00000000842431d0) 
thrown [s\src\hotspot\share\classfile\systemDictionary.cpp, line 256]
Event: 5.995 Thread 0x000001b616e603b0 Exception <a 'java/lang/ClassNotFoundException'{0x0000000083eb90d8}: org/codehaus/groovy/ast/AnnotationNodeBeanInfo> (0x0000000083eb90d8) 
thrown [s\src\hotspot\share\classfile\systemDictionary.cpp, line 256]
Event: 5.998 Thread 0x000001b616e603b0 Exception <a 'java/lang/ClassNotFoundException'{0x0000000083afae88}: org/codehaus/groovy/ast/ASTNodeBeanInfo> (0x0000000083afae88) 
thrown [s\src\hotspot\share\classfile\systemDictionary.cpp, line 256]
Event: 6.003 Thread 0x000001b616e603b0 Exception <a 'java/lang/ClassNotFoundException'{0x000000008353d2f8}: org/codehaus/groovy/ast/ASTNodeCustomizer> (0x000000008353d2f8) 
thrown [s\src\hotspot\share\classfile\systemDictionary.cpp, line 256]
Event: 6.009 Thread 0x000001b616e603b0 Exception <a 'java/lang/ClassNotFoundException'{0x000000008318d370}: org/codehaus/groovy/ast/AnnotationNodeCustomizer> (0x000000008318d370) 
thrown [s\src\hotspot\share\classfile\systemDictionary.cpp, line 256]
Event: 6.046 Thread 0x000001b616e603b0 Exception <a 'java/lang/ClassNotFoundException'{0x0000000083080fe0}: com/kms/katalon/core/testcase/TestCaseBindingBeanInfo> (0x0000000083080fe0) 
thrown [s\src\hotspot\share\classfile\systemDictionary.cpp, line 256]
Event: 6.048 Thread 0x000001b616e603b0 Exception <a 'java/lang/ClassNotFoundException'{0x000000008309f458}: com/kms/katalon/core/testcase/TestCaseBindingCustomizer> (0x000000008309f458) 
thrown [s\src\hotspot\share\classfile\systemDictionary.cpp, line 256]
Event: 6.055 Thread 0x000001b616e603b0 Exception <a 'java/lang/ClassNotFoundException'{0x0000000082f12c80}: com/kms/katalon/core/model/FailureHandlingBeanInfo> (0x0000000082f12c80) 
thrown [s\src\hotspot\share\classfile\systemDictionary.cpp, line 256]
Event: 6.056 Thread 0x000001b616e603b0 Exception <a 'java/lang/ClassNotFoundException'{0x0000000082f22fe8}: java/lang/EnumBeanInfo> (0x0000000082f22fe8) 
thrown [s\src\hotspot\share\classfile\systemDictionary.cpp, line 256]
Event: 6.057 Thread 0x000001b616e603b0 Exception <a 'java/lang/ClassNotFoundException'{0x0000000082f333f0}: java/lang/EnumCustomizer> (0x0000000082f333f0) 
thrown [s\src\hotspot\share\classfile\systemDictionary.cpp, line 256]
Event: 6.060 Thread 0x000001b616e603b0 Exception <a 'java/lang/ClassNotFoundException'{0x0000000082f595c0}: com/kms/katalon/core/model/FailureHandlingCustomizer> (0x0000000082f595c0) 
thrown [s\src\hotspot\share\classfile\systemDictionary.cpp, line 256]
Event: 6.071 Thread 0x000001b616e603b0 Exception <a 'java/lang/NoSuchMethodError'{0x0000000082f9b448}: 'java.lang.Object java.lang.invoke.DirectMethodHandle$Holder.invokeSpecial(java.lang.Object, java.lang.Object, java.lang.Object, java.lang.Object, java.lang.Object, int)'> (0x0000000082f9b448) 
thrown [s\src\hotspot\share\interpreter\linkResolver.cpp, line 759]
Event: 6.071 Thread 0x000001b616e603b0 Exception <a 'java/lang/NoSuchMethodError'{0x0000000082f9ed10}: 'java.lang.Object java.lang.invoke.DelegatingMethodHandle$Holder.reinvoke_L(java.lang.Object, java.lang.Object, java.lang.Object, java.lang.Object, int)'> (0x0000000082f9ed10) 
thrown [s\src\hotspot\share\interpreter\linkResolver.cpp, line 759]
Event: 6.072 Thread 0x000001b616e603b0 Exception <a 'java/lang/NoSuchMethodError'{0x0000000082fb1540}: 'java.lang.Object java.lang.invoke.DirectMethodHandle$Holder.invokeSpecial(java.lang.Object, java.lang.Object, java.lang.Object, java.lang.Object, java.lang.Object, java.lang.Object, java.lang.Object, int)'> (0x0000000082fb1540) 
thrown [s\src\hotspot\share\interpreter\linkResolver.cpp, line 759]
Event: 6.072 Thread 0x000001b616e603b0 Exception <a 'java/lang/NoSuchMethodError'{0x0000000082fb5768}: 'java.lang.Object java.lang.invoke.DelegatingMethodHandle$Holder.delegate(java.lang.Object, java.lang.Object, java.lang.Object, java.lang.Object, java.lang.Object, java.lang.Object, int)'> (0x0000000082fb5768) 
thrown [s\src\hotspot\share\interpreter\linkResolver.cpp, line 759]

VM Operations (20 events):
Event: 5.137 Executing VM operation: HandshakeAllThreads done
Event: 5.166 Executing VM operation: HandshakeAllThreads
Event: 5.166 Executing VM operation: HandshakeAllThreads done
Event: 5.220 Executing VM operation: G1CollectForAllocation
Event: 5.225 Executing VM operation: G1CollectForAllocation done
Event: 5.265 Executing VM operation: HandshakeAllThreads
Event: 5.265 Executing VM operation: HandshakeAllThreads done
Event: 5.364 Executing VM operation: HandshakeAllThreads
Event: 5.364 Executing VM operation: HandshakeAllThreads done
Event: 5.464 Executing VM operation: HandshakeAllThreads
Event: 5.464 Executing VM operation: HandshakeAllThreads done
Event: 5.672 Executing VM operation: HandshakeAllThreads
Event: 5.672 Executing VM operation: HandshakeAllThreads done
Event: 5.675 Executing VM operation: HandshakeAllThreads
Event: 5.675 Executing VM operation: HandshakeAllThreads done
Event: 5.795 Executing VM operation: G1CollectForAllocation
Event: 5.803 Executing VM operation: G1CollectForAllocation done
Event: 5.938 Executing VM operation: G1CollectForAllocation
Event: 5.942 Executing VM operation: G1CollectForAllocation done
Event: 6.181 Executing VM operation: G1CollectForAllocation

Events (20 events):
Event: 6.146 loading class sun/security/provider/SHA
Event: 6.146 loading class sun/security/provider/SHA done
Event: 6.147 loading class sun/security/rsa/RSASignature$SHA1withRSA
Event: 6.147 loading class sun/security/rsa/RSASignature$SHA1withRSA done
Event: 6.159 loading class org/xml/sax/ext/LexicalHandler
Event: 6.159 loading class org/xml/sax/ext/LexicalHandler done
Event: 6.160 loading class org/xml/sax/ext/DeclHandler
Event: 6.160 loading class org/xml/sax/ext/DeclHandler done
Event: 6.162 loading class org/xml/sax/SAXNotRecognizedException
Event: 6.162 loading class org/xml/sax/SAXNotRecognizedException done
Event: 6.162 loading class org/xml/sax/SAXNotSupportedException
Event: 6.162 loading class org/xml/sax/SAXNotSupportedException done
Event: 6.179 loading class jdk/xml/internal/JdkProperty$ImplPropMap
Event: 6.179 loading class jdk/xml/internal/JdkProperty$ImplPropMap done
Event: 6.179 loading class com/sun/org/apache/xerces/internal/xni/parser/XMLConfigurationException
Event: 6.179 loading class com/sun/org/apache/xerces/internal/xni/XNIException
Event: 6.180 loading class com/sun/org/apache/xerces/internal/xni/XNIException done
Event: 6.180 loading class com/sun/org/apache/xerces/internal/xni/parser/XMLConfigurationException done
Event: 6.180 loading class com/sun/org/apache/xerces/internal/util/SAXMessageFormatter
Event: 6.180 loading class com/sun/org/apache/xerces/internal/util/SAXMessageFormatter done


Dynamic libraries:
0x00007ff643870000 - 0x00007ff64387e000 	C:\Users\Phuong\.katalon\packages\Katalon_Studio_Windows_64-9.3.1\Katalon_Studio_Windows_64-9.3.1\jre\bin\javaw.exe
0x00007ffe8f8d0000 - 0x00007ffe8fac8000 	C:\Windows\SYSTEM32\ntdll.dll
0x00007ffe8eb90000 - 0x00007ffe8ec4d000 	C:\Windows\System32\KERNEL32.DLL
0x00007ffe8d0a0000 - 0x00007ffe8d396000 	C:\Windows\System32\KERNELBASE.dll
0x00007ffe8d5b0000 - 0x00007ffe8d6b0000 	C:\Windows\System32\ucrtbase.dll
0x00007ffe84500000 - 0x00007ffe84517000 	C:\Users\Phuong\.katalon\packages\Katalon_Studio_Windows_64-9.3.1\Katalon_Studio_Windows_64-9.3.1\jre\bin\jli.dll
0x00007ffe7bae0000 - 0x00007ffe7baf9000 	C:\Users\Phuong\.katalon\packages\Katalon_Studio_Windows_64-9.3.1\Katalon_Studio_Windows_64-9.3.1\jre\bin\VCRUNTIME140.dll
0x00007ffe8e3b0000 - 0x00007ffe8e54e000 	C:\Windows\System32\USER32.dll
0x00007ffe8d430000 - 0x00007ffe8d452000 	C:\Windows\System32\win32u.dll
0x00007ffe77b80000 - 0x00007ffe77e1a000 	C:\Windows\WinSxS\amd64_microsoft.windows.common-controls_6595b64144ccf1df_6.0.19041.3636_none_60b6a03d71f818d5\COMCTL32.dll
0x00007ffe8dd80000 - 0x00007ffe8ddab000 	C:\Windows\System32\GDI32.dll
0x00007ffe8cf80000 - 0x00007ffe8d097000 	C:\Windows\System32\gdi32full.dll
0x00007ffe8e650000 - 0x00007ffe8e6ee000 	C:\Windows\System32\msvcrt.dll
0x00007ffe8d6b0000 - 0x00007ffe8d74d000 	C:\Windows\System32\msvcp_win.dll
0x00007ffe8eab0000 - 0x00007ffe8eae2000 	C:\Windows\System32\IMM32.DLL
0x00007ffe7efb0000 - 0x00007ffe7efbc000 	C:\Users\Phuong\.katalon\packages\Katalon_Studio_Windows_64-9.3.1\Katalon_Studio_Windows_64-9.3.1\jre\bin\vcruntime140_1.dll
0x00007ffe5f1b0000 - 0x00007ffe5f241000 	C:\Users\Phuong\.katalon\packages\Katalon_Studio_Windows_64-9.3.1\Katalon_Studio_Windows_64-9.3.1\jre\bin\msvcp140.dll
0x00007ffe4e1f0000 - 0x00007ffe4ee38000 	C:\Users\Phuong\.katalon\packages\Katalon_Studio_Windows_64-9.3.1\Katalon_Studio_Windows_64-9.3.1\jre\bin\server\jvm.dll
0x00007ffe8f700000 - 0x00007ffe8f7b0000 	C:\Windows\System32\ADVAPI32.dll
0x00007ffe8eaf0000 - 0x00007ffe8eb90000 	C:\Windows\System32\sechost.dll
0x00007ffe8de10000 - 0x00007ffe8df35000 	C:\Windows\System32\RPCRT4.dll
0x00007ffe8d4d0000 - 0x00007ffe8d4f7000 	C:\Windows\System32\bcrypt.dll
0x00007ffe6d320000 - 0x00007ffe6d347000 	C:\Windows\SYSTEM32\WINMM.dll
0x00007ffe7eb00000 - 0x00007ffe7eb0a000 	C:\Windows\SYSTEM32\VERSION.dll
0x00007ffe8a1d0000 - 0x00007ffe8a1d9000 	C:\Windows\SYSTEM32\WSOCK32.dll
0x00007ffe8f560000 - 0x00007ffe8f5cb000 	C:\Windows\System32\WS2_32.dll
0x00007ffe8b6f0000 - 0x00007ffe8b702000 	C:\Windows\SYSTEM32\kernel.appcore.dll
0x00007ffe7efa0000 - 0x00007ffe7efaa000 	C:\Users\Phuong\.katalon\packages\Katalon_Studio_Windows_64-9.3.1\Katalon_Studio_Windows_64-9.3.1\jre\bin\jimage.dll
0x00007ffe8a9d0000 - 0x00007ffe8abb4000 	C:\Windows\SYSTEM32\DBGHELP.DLL
0x00007ffe6a2b0000 - 0x00007ffe6a2e4000 	C:\Windows\SYSTEM32\dbgcore.DLL
0x00007ffe8d3a0000 - 0x00007ffe8d422000 	C:\Windows\System32\bcryptPrimitives.dll
0x00007ffe77590000 - 0x00007ffe775b5000 	C:\Users\Phuong\.katalon\packages\Katalon_Studio_Windows_64-9.3.1\Katalon_Studio_Windows_64-9.3.1\jre\bin\java.dll
0x00007ffe76420000 - 0x00007ffe76438000 	C:\Users\Phuong\.katalon\packages\Katalon_Studio_Windows_64-9.3.1\Katalon_Studio_Windows_64-9.3.1\jre\bin\zip.dll
0x00007ffe8edf0000 - 0x00007ffe8f55b000 	C:\Windows\System32\SHELL32.dll
0x00007ffe8ae30000 - 0x00007ffe8b5ce000 	C:\Windows\SYSTEM32\windows.storage.dll
0x00007ffe8e6f0000 - 0x00007ffe8ea43000 	C:\Windows\System32\combase.dll
0x00007ffe8c9b0000 - 0x00007ffe8c9de000 	C:\Windows\SYSTEM32\Wldp.dll
0x00007ffe8ec50000 - 0x00007ffe8ed1d000 	C:\Windows\System32\OLEAUT32.dll
0x00007ffe8ed40000 - 0x00007ffe8eded000 	C:\Windows\System32\SHCORE.dll
0x00007ffe8ddb0000 - 0x00007ffe8de05000 	C:\Windows\System32\shlwapi.dll
0x00007ffe8ceb0000 - 0x00007ffe8ced5000 	C:\Windows\SYSTEM32\profapi.dll
0x00007ffe6c9d0000 - 0x00007ffe6c9e9000 	C:\Users\Phuong\.katalon\packages\Katalon_Studio_Windows_64-9.3.1\Katalon_Studio_Windows_64-9.3.1\jre\bin\net.dll
0x00007ffe893d0000 - 0x00007ffe894da000 	C:\Windows\SYSTEM32\WINHTTP.dll
0x00007ffe8c710000 - 0x00007ffe8c77a000 	C:\Windows\system32\mswsock.dll
0x00007ffe6bc00000 - 0x00007ffe6bc15000 	C:\Users\Phuong\.katalon\packages\Katalon_Studio_Windows_64-9.3.1\Katalon_Studio_Windows_64-9.3.1\jre\bin\nio.dll
0x00007ffe7ef50000 - 0x00007ffe7ef60000 	C:\Users\Phuong\.katalon\packages\Katalon_Studio_Windows_64-9.3.1\Katalon_Studio_Windows_64-9.3.1\jre\bin\verify.dll

dbghelp: loaded successfully - version: 4.0.5 - missing functions: none
symbol engine: initialized successfully - sym options: 0x614 - pdb path: .;C:\Users\Phuong\.katalon\packages\Katalon_Studio_Windows_64-9.3.1\Katalon_Studio_Windows_64-9.3.1\jre\bin;C:\Windows\SYSTEM32;C:\Windows\WinSxS\amd64_microsoft.windows.common-controls_6595b64144ccf1df_6.0.19041.3636_none_60b6a03d71f818d5;C:\Users\Phuong\.katalon\packages\Katalon_Studio_Windows_64-9.3.1\Katalon_Studio_Windows_64-9.3.1\jre\bin\server

VM Arguments:
jvm_args: -Dgroovy.home=C:\Users\Phuong/.groovy -Djava.system.class.loader=groovy.lang.GroovyClassLoader -Xmx2048m -Dfile.encoding=UTF-8 -XX:+ShowCodeDetailsInExceptionMessages 
java_command: org.codehaus.groovy.tools.GroovyStarter --classpath C:\Users\Phuong\Katalon Studio\FixAllNow\bin\keyword;C:\Users\Phuong\Katalon Studio\FixAllNow\Keywords;C:\Users\Phuong\Katalon Studio\FixAllNow\bin\listener;C:\Users\Phuong\Katalon Studio\FixAllNow\Test Listeners;C:\Users\Phuong\Katalon Studio\FixAllNow\bin\lib;C:\Users\Phuong\Katalon Studio\FixAllNow\Libs;C:\Users\Phuong\Katalon Studio\FixAllNow\bin\groovy;C:\Users\Phuong\Katalon Studio\FixAllNow\Include\scripts\groovy;C:\Users\Phuong\.katalon\packages\Katalon_Studio_Windows_64-9.3.1\Katalon_Studio_Windows_64-9.3.1\plugins\com.kms.katalon.core_1.0.0.202402280646.jar;C:\Users\Phuong\.katalon\packages\Katalon_Studio_Windows_64-9.3.1\Katalon_Studio_Windows_64-9.3.1\configuration\resources\lib\aalto-xml-1.0.0.jar;C:\Users\Phuong\.katalon\packages\Katalon_Studio_Windows_64-9.3.1\Katalon_Studio_Windows_64-9.3.1\configuration\resources\lib\aspectjweaver-1.9.1.jar;C:\Users\Phuong\.katalon\packages\Katalon_Studio_Windows_64-9.3.1\Katalon_Studio_Windows_64-9.3.1\configuration\resources\lib\bcpkix-jdk15on-1.64.jar;C:\Users\Phuong\.katalon\packages\Katalon_Studio_Windows_64-9.3.1\Katalon_Studio_Windows_64-9.3.1\configuration\resources\lib\bcprov-jdk15on-1.64.jar;C:\Users\Phuong\.katalon\packages\Katalon_Studio_Windows_64-9.3.1\Katalon_Studio_Windows_64-9.3.1\configuration\resources\lib\browsermob-core-2.1.5.jar;C:\Users\Phuong\.katalon\packages\Katalon_Studio_Windows_64-9.3.1\Katalon_Studio_Windows_64-9.3.1\configuration\resources\lib\cglib-3.2.10.jar;C:\Users\Phuong\.katalon\packages\Katalon_Studio_Windows_64-9.3.1\Katalon_Studio_Windows_64-9.3.1\configuration\resources\lib\commons-codec-1.10.jar;C:\Users\Phuong\.katalon\packages\Katalon_Studio_Windows_64-9.3.1\Katalon_Studio_Windows_64-9.3.1\configuration\resources\lib\commons-collections4-4.1.jar;C:\Users\Phuong\.katalon\packages\Katalon_Studio_Windows_64-9.3.1\Katalon_Studio_Windows_64-9.3.1\configuration\resources\lib\commons-validator-1.6.jar;C:\Users\Ph
java_class_path (initial): C:\Users\Phuong\Katalon Studio\FixAllNow\bin\keyword;C:\Users\Phuong\Katalon Studio\FixAllNow\bin\listener;C:\Users\Phuong\Katalon Studio\FixAllNow\bin\lib;C:\Users\Phuong\Katalon Studio\FixAllNow\bin\groovy;C:\Users\Phuong\Katalon Studio\FixAllNow\bin;C:\Users\Phuong\.katalon\packages\Katalon_Studio_Windows_64-9.3.1\Katalon_Studio_Windows_64-9.3.1\plugins\com.kms.katalon.core_1.0.0.202402280646.jar;C:\Users\Phuong\.katalon\packages\Katalon_Studio_Windows_64-9.3.1\Katalon_Studio_Windows_64-9.3.1\configuration\resources\lib\aalto-xml-1.0.0.jar;C:\Users\Phuong\.katalon\packages\Katalon_Studio_Windows_64-9.3.1\Katalon_Studio_Windows_64-9.3.1\configuration\resources\lib\aspectjweaver-1.9.1.jar;C:\Users\Phuong\.katalon\packages\Katalon_Studio_Windows_64-9.3.1\Katalon_Studio_Windows_64-9.3.1\configuration\resources\lib\bcpkix-jdk15on-1.64.jar;C:\Users\Phuong\.katalon\packages\Katalon_Studio_Windows_64-9.3.1\Katalon_Studio_Windows_64-9.3.1\configuration\resources\lib\bcprov-jdk15on-1.64.jar;C:\Users\Phuong\.katalon\packages\Katalon_Studio_Windows_64-9.3.1\Katalon_Studio_Windows_64-9.3.1\configuration\resources\lib\browsermob-core-2.1.5.jar;C:\Users\Phuong\.katalon\packages\Katalon_Studio_Windows_64-9.3.1\Katalon_Studio_Windows_64-9.3.1\configuration\resources\lib\cglib-3.2.10.jar;C:\Users\Phuong\.katalon\packages\Katalon_Studio_Windows_64-9.3.1\Katalon_Studio_Windows_64-9.3.1\configuration\resources\lib\commons-codec-1.10.jar;C:\Users\Phuong\.katalon\packages\Katalon_Studio_Windows_64-9.3.1\Katalon_Studio_Windows_64-9.3.1\configuration\resources\lib\commons-collections4-4.1.jar;C:\Users\Phuong\.katalon\packages\Katalon_Studio_Windows_64-9.3.1\Katalon_Studio_Windows_64-9.3.1\configuration\resources\lib\commons-validator-1.6.jar;C:\Users\Phuong\.katalon\packages\Katalon_Studio_Windows_64-9.3.1\Katalon_Studio_Windows_64-9.3.1\configuration\resources\lib\curvesapi-1.04.jar;C:\Users\Phuong\.katalon\packages\Katalon_Studio_Windows_64-9.3.1\Katalon_St
Launcher Type: SUN_STANDARD

[Global flags]
     intx CICompilerCount                          = 4                                         {product} {ergonomic}
     uint ConcGCThreads                            = 2                                         {product} {ergonomic}
     uint G1ConcRefinementThreads                  = 8                                         {product} {ergonomic}
   size_t G1HeapRegionSize                         = 1048576                                   {product} {ergonomic}
    uintx GCDrainStackTargetSize                   = 64                                        {product} {ergonomic}
   size_t InitialHeapSize                          = 132120576                                 {product} {ergonomic}
   size_t MarkStackSize                            = 4194304                                   {product} {ergonomic}
   size_t MaxHeapSize                              = 2147483648                                {product} {command line}
   size_t MaxNewSize                               = 1287651328                                {product} {ergonomic}
   size_t MinHeapDeltaBytes                        = 1048576                                   {product} {ergonomic}
   size_t MinHeapSize                              = 8388608                                   {product} {ergonomic}
    uintx NonNMethodCodeHeapSize                   = 5839372                                {pd product} {ergonomic}
    uintx NonProfiledCodeHeapSize                  = 122909434                              {pd product} {ergonomic}
    uintx ProfiledCodeHeapSize                     = 122909434                              {pd product} {ergonomic}
    uintx ReservedCodeCacheSize                    = 251658240                              {pd product} {ergonomic}
     bool SegmentedCodeCache                       = true                                      {product} {ergonomic}
     bool ShowCodeDetailsInExceptionMessages       = true                                   {manageable} {command line}
   size_t SoftMaxHeapSize                          = 2147483648                             {manageable} {ergonomic}
     bool UseCompressedClassPointers               = true                           {product lp64_product} {ergonomic}
     bool UseCompressedOops                        = true                           {product lp64_product} {ergonomic}
     bool UseG1GC                                  = true                                      {product} {ergonomic}
     bool UseLargePagesIndividualAllocation        = false                                  {pd product} {ergonomic}

Logging:
Log output configuration:
 #0: stdout all=warning uptime,level,tags
 #1: stderr all=off uptime,level,tags

Environment Variables:
JAVA_HOME=C:\Users\Phuong\.katalon\packages\Katalon_Studio_Windows_64-9.3.1\Katalon_Studio_Windows_64-9.3.1\jre
PATH=C:/Users/Phuong/.katalon/packages/Katalon_Studio_Windows_64-9.3.1/Katalon_Studio_Windows_64-9.3.1/jre/bin/server;C:/Users/Phuong/.katalon/packages/Katalon_Studio_Windows_64-9.3.1/Katalon_Studio_Windows_64-9.3.1/jre/bin;C:\Program Files\Common Files\Oracle\Java\javapath;C:\Windows\system32;C:\Windows;C:\Windows\System32\Wbem;C:\Windows\System32\WindowsPowerShell\v1.0\;C:\Windows\System32\OpenSSH\;C:\Program Files\Git\cmd;C:\Program Files\nodejs\;C:\Users\Phuong\AppData\Local\Android\Sdk\tools;C:\Users\Phuong\AppData\Local\jdk-11.0.2\bin;C:\Users\Phuong\AppData\Local\Android\Sdk\platform-tools;C:\Users\Phuong\AppData\Local\Microsoft\WindowsApps;C:\Users\Phuong\AppData\Local\Programs\Microsoft VS Code\bin;C:\Users\Phuong\AppData\Roaming\npm;;C:\Users\Phuong\.katalon\packages\Katalon_Studio_Windows_64-9.3.1\Katalon_Studio_Windows_64-9.3.1;:C:\Users\Phuong\.katalon\packages\Katalon_Studio_Windows_64-9.3.1\Katalon_Studio_Windows_64-9.3.1\jre\bin
USERNAME=Phuong
OS=Windows_NT
PROCESSOR_IDENTIFIER=Intel64 Family 6 Model 140 Stepping 1, GenuineIntel
TMP=C:\Users\Phuong\AppData\Local\Temp
TEMP=C:\Users\Phuong\AppData\Local\Temp



---------------  S Y S T E M  ---------------

OS:
 Windows 10 , 64 bit Build 19041 (10.0.19041.3636)
OS uptime: 0 days 5:47 hours

CPU: total 8 (initial active 8) (4 cores per cpu, 2 threads per core) family 6 model 140 stepping 1 microcode 0x8a, cx8, cmov, fxsr, ht, mmx, 3dnowpref, sse, sse2, sse3, ssse3, sse4.1, sse4.2, popcnt, lzcnt, tsc, tscinvbit, avx, avx2, aes, erms, clmul, bmi1, bmi2, adx, avx512f, avx512dq, avx512cd, avx512bw, avx512vl, sha, fma, vzeroupper, avx512_vpopcntdq, avx512_vpclmulqdq, avx512_vaes, avx512_vnni, clflush, clflushopt, clwb, avx512_vbmi2, avx512_vbmi

Memory: 4k page, system-wide physical 7971M (141M free)
TotalPageFile size 32165M (AvailPageFile size 43M)
current process WorkingSet (physical memory assigned to process): 168M, peak: 168M
current process commit charge ("private bytes"): 291M, peak: 365M

vm_info: OpenJDK 64-Bit Server VM (17.0.7+7) for windows-amd64 JRE (17.0.7+7), built on Apr 18 2023 22:10:42 by "temurin" with MS VC++ 16.7 (VS2019)

END.
